<?xml version="1.0" encoding="UTF-8"?>
<testng-results skipped="0" failed="1" ignored="14" total="100" passed="85">
  <reporter-output>
  </reporter-output>
  <suite name="Sone tests" duration-ms="2228607" started-at="2019-03-07T16:08:31Z" finished-at="2019-03-07T16:45:40Z">
    <groups>
    </groups>
    <test name="Static Pages Tests" duration-ms="2228607" started-at="2019-03-07T16:08:31Z" finished-at="2019-03-07T16:45:40Z">
      <class name="UnitClassSet.StaticPages.test_BlogPage">
        <test-method status="PASS" signature="setup(java.lang.String)[pri:0, instance:UnitClassSet.StaticPages.test_BlogPage@49d831c2]" name="setup" is-config="true" duration-ms="3414" started-at="2019-03-07T16:30:43Z" finished-at="2019-03-07T16:30:46Z">
          <params>
            <param index="0">
              <value>
                <![CDATA[chrome]]>
              </value>
            </param>
          </params>
          <reporter-output>
          </reporter-output>
        </test-method> <!-- setup -->
        <test-method status="PASS" signature="BlogPage_Body()[pri:0, instance:UnitClassSet.StaticPages.test_BlogPage@49d831c2]" name="BlogPage_Body" duration-ms="10284" started-at="2019-03-07T16:30:46Z" finished-at="2019-03-07T16:30:57Z">
          <reporter-output>
          </reporter-output>
        </test-method> <!-- BlogPage_Body -->
        <test-method status="PASS" signature="teardown(org.testng.ITestResult, java.lang.reflect.Method)[pri:0, instance:UnitClassSet.StaticPages.test_BlogPage@49d831c2]" name="teardown" is-config="true" duration-ms="667" started-at="2019-03-07T16:30:57Z" finished-at="2019-03-07T16:30:57Z">
          <params>
            <param index="0">
              <value>
                <![CDATA[[TestResult name=BlogPage_Body status=SUCCESS method=test_BlogPage.BlogPage_Body()[pri:0, instance:UnitClassSet.StaticPages.test_BlogPage@49d831c2] output={null}]]]>
              </value>
            </param>
            <param index="1">
              <value>
                <![CDATA[public void UnitClassSet.StaticPages.test_BlogPage.BlogPage_Body() throws java.lang.Exception]]>
              </value>
            </param>
          </params>
          <reporter-output>
          </reporter-output>
        </test-method> <!-- teardown -->
        <test-method status="PASS" signature="setup(java.lang.String)[pri:0, instance:UnitClassSet.StaticPages.test_BlogPage@49d831c2]" name="setup" is-config="true" duration-ms="3337" started-at="2019-03-07T16:30:57Z" finished-at="2019-03-07T16:31:01Z">
          <params>
            <param index="0">
              <value>
                <![CDATA[chrome]]>
              </value>
            </param>
          </params>
          <reporter-output>
          </reporter-output>
        </test-method> <!-- setup -->
        <test-method status="PASS" signature="BlogPage_FooterLinks()[pri:0, instance:UnitClassSet.StaticPages.test_BlogPage@49d831c2]" name="BlogPage_FooterLinks" duration-ms="43018" started-at="2019-03-07T16:31:01Z" finished-at="2019-03-07T16:31:44Z">
          <reporter-output>
          </reporter-output>
        </test-method> <!-- BlogPage_FooterLinks -->
        <test-method status="PASS" signature="teardown(org.testng.ITestResult, java.lang.reflect.Method)[pri:0, instance:UnitClassSet.StaticPages.test_BlogPage@49d831c2]" name="teardown" is-config="true" duration-ms="773" started-at="2019-03-07T16:31:44Z" finished-at="2019-03-07T16:31:44Z">
          <params>
            <param index="0">
              <value>
                <![CDATA[[TestResult name=BlogPage_FooterLinks status=SUCCESS method=test_BlogPage.BlogPage_FooterLinks()[pri:0, instance:UnitClassSet.StaticPages.test_BlogPage@49d831c2] output={null}]]]>
              </value>
            </param>
            <param index="1">
              <value>
                <![CDATA[public void UnitClassSet.StaticPages.test_BlogPage.BlogPage_FooterLinks() throws java.lang.Exception]]>
              </value>
            </param>
          </params>
          <reporter-output>
          </reporter-output>
        </test-method> <!-- teardown -->
        <test-method status="PASS" signature="setup(java.lang.String)[pri:0, instance:UnitClassSet.StaticPages.test_BlogPage@49d831c2]" name="setup" is-config="true" duration-ms="3343" started-at="2019-03-07T16:31:44Z" finished-at="2019-03-07T16:31:48Z">
          <params>
            <param index="0">
              <value>
                <![CDATA[chrome]]>
              </value>
            </param>
          </params>
          <reporter-output>
          </reporter-output>
        </test-method> <!-- setup -->
        <test-method status="PASS" signature="BlogPage_HeaderButtons()[pri:0, instance:UnitClassSet.StaticPages.test_BlogPage@49d831c2]" name="BlogPage_HeaderButtons" duration-ms="30673" started-at="2019-03-07T16:31:48Z" finished-at="2019-03-07T16:32:19Z">
          <reporter-output>
          </reporter-output>
        </test-method> <!-- BlogPage_HeaderButtons -->
        <test-method status="PASS" signature="teardown(org.testng.ITestResult, java.lang.reflect.Method)[pri:0, instance:UnitClassSet.StaticPages.test_BlogPage@49d831c2]" name="teardown" is-config="true" duration-ms="641" started-at="2019-03-07T16:32:19Z" finished-at="2019-03-07T16:32:19Z">
          <params>
            <param index="0">
              <value>
                <![CDATA[[TestResult name=BlogPage_HeaderButtons status=SUCCESS method=test_BlogPage.BlogPage_HeaderButtons()[pri:0, instance:UnitClassSet.StaticPages.test_BlogPage@49d831c2] output={null}]]]>
              </value>
            </param>
            <param index="1">
              <value>
                <![CDATA[public void UnitClassSet.StaticPages.test_BlogPage.BlogPage_HeaderButtons() throws java.lang.Exception]]>
              </value>
            </param>
          </params>
          <reporter-output>
          </reporter-output>
        </test-method> <!-- teardown -->
        <test-method status="PASS" signature="setup(java.lang.String)[pri:0, instance:UnitClassSet.StaticPages.test_BlogPage@49d831c2]" name="setup" is-config="true" duration-ms="3297" started-at="2019-03-07T16:32:19Z" finished-at="2019-03-07T16:32:22Z">
          <params>
            <param index="0">
              <value>
                <![CDATA[chrome]]>
              </value>
            </param>
          </params>
          <reporter-output>
          </reporter-output>
        </test-method> <!-- setup -->
        <test-method status="PASS" signature="BlogPage_SignUpAndLogin()[pri:0, instance:UnitClassSet.StaticPages.test_BlogPage@49d831c2]" name="BlogPage_SignUpAndLogin" duration-ms="5618" started-at="2019-03-07T16:32:22Z" finished-at="2019-03-07T16:32:28Z">
          <reporter-output>
          </reporter-output>
        </test-method> <!-- BlogPage_SignUpAndLogin -->
        <test-method status="PASS" signature="teardown(org.testng.ITestResult, java.lang.reflect.Method)[pri:0, instance:UnitClassSet.StaticPages.test_BlogPage@49d831c2]" name="teardown" is-config="true" duration-ms="728" started-at="2019-03-07T16:32:28Z" finished-at="2019-03-07T16:32:29Z">
          <params>
            <param index="0">
              <value>
                <![CDATA[[TestResult name=BlogPage_SignUpAndLogin status=SUCCESS method=test_BlogPage.BlogPage_SignUpAndLogin()[pri:0, instance:UnitClassSet.StaticPages.test_BlogPage@49d831c2] output={null}]]]>
              </value>
            </param>
            <param index="1">
              <value>
                <![CDATA[public void UnitClassSet.StaticPages.test_BlogPage.BlogPage_SignUpAndLogin()]]>
              </value>
            </param>
          </params>
          <reporter-output>
          </reporter-output>
        </test-method> <!-- teardown -->
        <test-method status="PASS" signature="setup(java.lang.String)[pri:0, instance:UnitClassSet.StaticPages.test_BlogPage@49d831c2]" name="setup" is-config="true" duration-ms="3448" started-at="2019-03-07T16:32:29Z" finished-at="2019-03-07T16:32:32Z">
          <params>
            <param index="0">
              <value>
                <![CDATA[chrome]]>
              </value>
            </param>
          </params>
          <reporter-output>
          </reporter-output>
        </test-method> <!-- setup -->
        <test-method status="PASS" signature="BlogPage_SocialMediaIcons()[pri:0, instance:UnitClassSet.StaticPages.test_BlogPage@49d831c2]" name="BlogPage_SocialMediaIcons" duration-ms="30595" started-at="2019-03-07T16:32:32Z" finished-at="2019-03-07T16:33:03Z">
          <reporter-output>
          </reporter-output>
        </test-method> <!-- BlogPage_SocialMediaIcons -->
        <test-method status="PASS" signature="teardown(org.testng.ITestResult, java.lang.reflect.Method)[pri:0, instance:UnitClassSet.StaticPages.test_BlogPage@49d831c2]" name="teardown" is-config="true" duration-ms="916" started-at="2019-03-07T16:33:03Z" finished-at="2019-03-07T16:33:04Z">
          <params>
            <param index="0">
              <value>
                <![CDATA[[TestResult name=BlogPage_SocialMediaIcons status=SUCCESS method=test_BlogPage.BlogPage_SocialMediaIcons()[pri:0, instance:UnitClassSet.StaticPages.test_BlogPage@49d831c2] output={null}]]]>
              </value>
            </param>
            <param index="1">
              <value>
                <![CDATA[public void UnitClassSet.StaticPages.test_BlogPage.BlogPage_SocialMediaIcons() throws java.lang.Exception]]>
              </value>
            </param>
          </params>
          <reporter-output>
          </reporter-output>
        </test-method> <!-- teardown -->
        <test-method status="PASS" signature="setup(java.lang.String)[pri:0, instance:UnitClassSet.StaticPages.test_BlogPage@49d831c2]" name="setup" is-config="true" duration-ms="3322" started-at="2019-03-07T16:33:04Z" finished-at="2019-03-07T16:33:07Z">
          <params>
            <param index="0">
              <value>
                <![CDATA[chrome]]>
              </value>
            </param>
          </params>
          <reporter-output>
          </reporter-output>
        </test-method> <!-- setup -->
        <test-method status="PASS" signature="BlogPage_Title()[pri:0, instance:UnitClassSet.StaticPages.test_BlogPage@49d831c2]" name="BlogPage_Title" duration-ms="1832" started-at="2019-03-07T16:33:07Z" finished-at="2019-03-07T16:33:09Z">
          <reporter-output>
          </reporter-output>
        </test-method> <!-- BlogPage_Title -->
        <test-method status="PASS" signature="teardown(org.testng.ITestResult, java.lang.reflect.Method)[pri:0, instance:UnitClassSet.StaticPages.test_BlogPage@49d831c2]" name="teardown" is-config="true" duration-ms="784" started-at="2019-03-07T16:33:09Z" finished-at="2019-03-07T16:33:10Z">
          <params>
            <param index="0">
              <value>
                <![CDATA[[TestResult name=BlogPage_Title status=SUCCESS method=test_BlogPage.BlogPage_Title()[pri:0, instance:UnitClassSet.StaticPages.test_BlogPage@49d831c2] output={null}]]]>
              </value>
            </param>
            <param index="1">
              <value>
                <![CDATA[public void UnitClassSet.StaticPages.test_BlogPage.BlogPage_Title()]]>
              </value>
            </param>
          </params>
          <reporter-output>
          </reporter-output>
        </test-method> <!-- teardown -->
      </class> <!-- UnitClassSet.StaticPages.test_BlogPage -->
      <class name="UnitClassSet.StaticPages.test_AboutUsPage">
        <test-method status="PASS" signature="setup(java.lang.String)[pri:0, instance:UnitClassSet.StaticPages.test_AboutUsPage@43fda8d9]" name="setup" is-config="true" duration-ms="3315" started-at="2019-03-07T16:28:53Z" finished-at="2019-03-07T16:28:56Z">
          <params>
            <param index="0">
              <value>
                <![CDATA[chrome]]>
              </value>
            </param>
          </params>
          <reporter-output>
          </reporter-output>
        </test-method> <!-- setup -->
        <test-method status="PASS" signature="AboutUsPage_FooterLinks()[pri:0, instance:UnitClassSet.StaticPages.test_AboutUsPage@43fda8d9]" name="AboutUsPage_FooterLinks" duration-ms="31128" started-at="2019-03-07T16:28:56Z" finished-at="2019-03-07T16:29:27Z">
          <reporter-output>
          </reporter-output>
        </test-method> <!-- AboutUsPage_FooterLinks -->
        <test-method status="PASS" signature="teardown(org.testng.ITestResult, java.lang.reflect.Method)[pri:0, instance:UnitClassSet.StaticPages.test_AboutUsPage@43fda8d9]" name="teardown" is-config="true" duration-ms="638" started-at="2019-03-07T16:29:27Z" finished-at="2019-03-07T16:29:28Z">
          <params>
            <param index="0">
              <value>
                <![CDATA[[TestResult name=AboutUsPage_FooterLinks status=SUCCESS method=test_AboutUsPage.AboutUsPage_FooterLinks()[pri:0, instance:UnitClassSet.StaticPages.test_AboutUsPage@43fda8d9] output={null}]]]>
              </value>
            </param>
            <param index="1">
              <value>
                <![CDATA[public void UnitClassSet.StaticPages.test_AboutUsPage.AboutUsPage_FooterLinks() throws java.lang.Exception]]>
              </value>
            </param>
          </params>
          <reporter-output>
          </reporter-output>
        </test-method> <!-- teardown -->
        <test-method status="PASS" signature="setup(java.lang.String)[pri:0, instance:UnitClassSet.StaticPages.test_AboutUsPage@43fda8d9]" name="setup" is-config="true" duration-ms="3442" started-at="2019-03-07T16:29:28Z" finished-at="2019-03-07T16:29:31Z">
          <params>
            <param index="0">
              <value>
                <![CDATA[chrome]]>
              </value>
            </param>
          </params>
          <reporter-output>
          </reporter-output>
        </test-method> <!-- setup -->
        <test-method status="PASS" signature="AboutUsPage_HeaderButtons()[pri:0, instance:UnitClassSet.StaticPages.test_AboutUsPage@43fda8d9]" name="AboutUsPage_HeaderButtons" duration-ms="21648" started-at="2019-03-07T16:29:31Z" finished-at="2019-03-07T16:29:53Z">
          <reporter-output>
          </reporter-output>
        </test-method> <!-- AboutUsPage_HeaderButtons -->
        <test-method status="PASS" signature="teardown(org.testng.ITestResult, java.lang.reflect.Method)[pri:0, instance:UnitClassSet.StaticPages.test_AboutUsPage@43fda8d9]" name="teardown" is-config="true" duration-ms="635" started-at="2019-03-07T16:29:53Z" finished-at="2019-03-07T16:29:54Z">
          <params>
            <param index="0">
              <value>
                <![CDATA[[TestResult name=AboutUsPage_HeaderButtons status=SUCCESS method=test_AboutUsPage.AboutUsPage_HeaderButtons()[pri:0, instance:UnitClassSet.StaticPages.test_AboutUsPage@43fda8d9] output={null}]]]>
              </value>
            </param>
            <param index="1">
              <value>
                <![CDATA[public void UnitClassSet.StaticPages.test_AboutUsPage.AboutUsPage_HeaderButtons() throws java.lang.Exception]]>
              </value>
            </param>
          </params>
          <reporter-output>
          </reporter-output>
        </test-method> <!-- teardown -->
        <test-method status="PASS" signature="setup(java.lang.String)[pri:0, instance:UnitClassSet.StaticPages.test_AboutUsPage@43fda8d9]" name="setup" is-config="true" duration-ms="3360" started-at="2019-03-07T16:29:54Z" finished-at="2019-03-07T16:29:57Z">
          <params>
            <param index="0">
              <value>
                <![CDATA[chrome]]>
              </value>
            </param>
          </params>
          <reporter-output>
          </reporter-output>
        </test-method> <!-- setup -->
        <test-method status="PASS" signature="AboutUsPage_SignUpAndLogin()[pri:0, instance:UnitClassSet.StaticPages.test_AboutUsPage@43fda8d9]" name="AboutUsPage_SignUpAndLogin" duration-ms="10979" started-at="2019-03-07T16:29:57Z" finished-at="2019-03-07T16:30:08Z">
          <reporter-output>
          </reporter-output>
        </test-method> <!-- AboutUsPage_SignUpAndLogin -->
        <test-method status="PASS" signature="teardown(org.testng.ITestResult, java.lang.reflect.Method)[pri:0, instance:UnitClassSet.StaticPages.test_AboutUsPage@43fda8d9]" name="teardown" is-config="true" duration-ms="633" started-at="2019-03-07T16:30:08Z" finished-at="2019-03-07T16:30:08Z">
          <params>
            <param index="0">
              <value>
                <![CDATA[[TestResult name=AboutUsPage_SignUpAndLogin status=SUCCESS method=test_AboutUsPage.AboutUsPage_SignUpAndLogin()[pri:0, instance:UnitClassSet.StaticPages.test_AboutUsPage@43fda8d9] output={null}]]]>
              </value>
            </param>
            <param index="1">
              <value>
                <![CDATA[public void UnitClassSet.StaticPages.test_AboutUsPage.AboutUsPage_SignUpAndLogin() throws java.lang.Exception]]>
              </value>
            </param>
          </params>
          <reporter-output>
          </reporter-output>
        </test-method> <!-- teardown -->
        <test-method status="PASS" signature="setup(java.lang.String)[pri:0, instance:UnitClassSet.StaticPages.test_AboutUsPage@43fda8d9]" name="setup" is-config="true" duration-ms="3363" started-at="2019-03-07T16:30:08Z" finished-at="2019-03-07T16:30:12Z">
          <params>
            <param index="0">
              <value>
                <![CDATA[chrome]]>
              </value>
            </param>
          </params>
          <reporter-output>
          </reporter-output>
        </test-method> <!-- setup -->
        <test-method status="PASS" signature="AboutUsPage_SocialMediaIcons()[pri:0, instance:UnitClassSet.StaticPages.test_AboutUsPage@43fda8d9]" name="AboutUsPage_SocialMediaIcons" duration-ms="23587" started-at="2019-03-07T16:30:12Z" finished-at="2019-03-07T16:30:35Z">
          <reporter-output>
          </reporter-output>
        </test-method> <!-- AboutUsPage_SocialMediaIcons -->
        <test-method status="PASS" signature="teardown(org.testng.ITestResult, java.lang.reflect.Method)[pri:0, instance:UnitClassSet.StaticPages.test_AboutUsPage@43fda8d9]" name="teardown" is-config="true" duration-ms="733" started-at="2019-03-07T16:30:35Z" finished-at="2019-03-07T16:30:36Z">
          <params>
            <param index="0">
              <value>
                <![CDATA[[TestResult name=AboutUsPage_SocialMediaIcons status=SUCCESS method=test_AboutUsPage.AboutUsPage_SocialMediaIcons()[pri:0, instance:UnitClassSet.StaticPages.test_AboutUsPage@43fda8d9] output={null}]]]>
              </value>
            </param>
            <param index="1">
              <value>
                <![CDATA[public void UnitClassSet.StaticPages.test_AboutUsPage.AboutUsPage_SocialMediaIcons() throws java.lang.Exception]]>
              </value>
            </param>
          </params>
          <reporter-output>
          </reporter-output>
        </test-method> <!-- teardown -->
        <test-method status="PASS" signature="setup(java.lang.String)[pri:0, instance:UnitClassSet.StaticPages.test_AboutUsPage@43fda8d9]" name="setup" is-config="true" duration-ms="3384" started-at="2019-03-07T16:30:36Z" finished-at="2019-03-07T16:30:40Z">
          <params>
            <param index="0">
              <value>
                <![CDATA[chrome]]>
              </value>
            </param>
          </params>
          <reporter-output>
          </reporter-output>
        </test-method> <!-- setup -->
        <test-method status="PASS" signature="AboutUsPage_Title()[pri:0, instance:UnitClassSet.StaticPages.test_AboutUsPage@43fda8d9]" name="AboutUsPage_Title" duration-ms="2757" started-at="2019-03-07T16:30:40Z" finished-at="2019-03-07T16:30:42Z">
          <reporter-output>
          </reporter-output>
        </test-method> <!-- AboutUsPage_Title -->
        <test-method status="PASS" signature="teardown(org.testng.ITestResult, java.lang.reflect.Method)[pri:0, instance:UnitClassSet.StaticPages.test_AboutUsPage@43fda8d9]" name="teardown" is-config="true" duration-ms="676" started-at="2019-03-07T16:30:42Z" finished-at="2019-03-07T16:30:43Z">
          <params>
            <param index="0">
              <value>
                <![CDATA[[TestResult name=AboutUsPage_Title status=SUCCESS method=test_AboutUsPage.AboutUsPage_Title()[pri:0, instance:UnitClassSet.StaticPages.test_AboutUsPage@43fda8d9] output={null}]]]>
              </value>
            </param>
            <param index="1">
              <value>
                <![CDATA[public void UnitClassSet.StaticPages.test_AboutUsPage.AboutUsPage_Title()]]>
              </value>
            </param>
          </params>
          <reporter-output>
          </reporter-output>
        </test-method> <!-- teardown -->
      </class> <!-- UnitClassSet.StaticPages.test_AboutUsPage -->
      <class name="UnitClassSet.StaticPages.test_DigitalSecurityOfferingsPage">
        <test-method status="PASS" signature="setup(java.lang.String)[pri:0, instance:UnitClassSet.StaticPages.test_DigitalSecurityOfferingsPage@56399b9e]" name="setup" is-config="true" duration-ms="3257" started-at="2019-03-07T16:24:31Z" finished-at="2019-03-07T16:24:35Z">
          <params>
            <param index="0">
              <value>
                <![CDATA[chrome]]>
              </value>
            </param>
          </params>
          <reporter-output>
          </reporter-output>
        </test-method> <!-- setup -->
        <test-method status="PASS" signature="DigitalSecurityOfferingsPage_Body()[pri:0, instance:UnitClassSet.StaticPages.test_DigitalSecurityOfferingsPage@56399b9e]" name="DigitalSecurityOfferingsPage_Body" duration-ms="21931" started-at="2019-03-07T16:24:35Z" finished-at="2019-03-07T16:24:57Z">
          <reporter-output>
          </reporter-output>
        </test-method> <!-- DigitalSecurityOfferingsPage_Body -->
        <test-method status="PASS" signature="teardown(org.testng.ITestResult, java.lang.reflect.Method)[pri:0, instance:UnitClassSet.StaticPages.test_DigitalSecurityOfferingsPage@56399b9e]" name="teardown" is-config="true" duration-ms="648" started-at="2019-03-07T16:24:57Z" finished-at="2019-03-07T16:24:57Z">
          <params>
            <param index="0">
              <value>
                <![CDATA[[TestResult name=DigitalSecurityOfferingsPage_Body status=SUCCESS method=test_DigitalSecurityOfferingsPage.DigitalSecurityOfferingsPage_Body()[pri:0, instance:UnitClassSet.StaticPages.test_DigitalSecurityOfferingsPage@56399b9e] output={null}]]]>
              </value>
            </param>
            <param index="1">
              <value>
                <![CDATA[public void UnitClassSet.StaticPages.test_DigitalSecurityOfferingsPage.DigitalSecurityOfferingsPage_Body() throws java.lang.Exception]]>
              </value>
            </param>
          </params>
          <reporter-output>
          </reporter-output>
        </test-method> <!-- teardown -->
        <test-method status="PASS" signature="setup(java.lang.String)[pri:0, instance:UnitClassSet.StaticPages.test_DigitalSecurityOfferingsPage@56399b9e]" name="setup" is-config="true" duration-ms="3421" started-at="2019-03-07T16:24:57Z" finished-at="2019-03-07T16:25:01Z">
          <params>
            <param index="0">
              <value>
                <![CDATA[chrome]]>
              </value>
            </param>
          </params>
          <reporter-output>
          </reporter-output>
        </test-method> <!-- setup -->
        <test-method status="PASS" signature="DigitalSecurityOfferingsPage_FooterLinks()[pri:0, instance:UnitClassSet.StaticPages.test_DigitalSecurityOfferingsPage@56399b9e]" name="DigitalSecurityOfferingsPage_FooterLinks" duration-ms="31650" started-at="2019-03-07T16:25:01Z" finished-at="2019-03-07T16:25:32Z">
          <reporter-output>
          </reporter-output>
        </test-method> <!-- DigitalSecurityOfferingsPage_FooterLinks -->
        <test-method status="PASS" signature="teardown(org.testng.ITestResult, java.lang.reflect.Method)[pri:0, instance:UnitClassSet.StaticPages.test_DigitalSecurityOfferingsPage@56399b9e]" name="teardown" is-config="true" duration-ms="642" started-at="2019-03-07T16:25:32Z" finished-at="2019-03-07T16:25:33Z">
          <params>
            <param index="0">
              <value>
                <![CDATA[[TestResult name=DigitalSecurityOfferingsPage_FooterLinks status=SUCCESS method=test_DigitalSecurityOfferingsPage.DigitalSecurityOfferingsPage_FooterLinks()[pri:0, instance:UnitClassSet.StaticPages.test_DigitalSecurityOfferingsPage@56399b9e] output={null}]]]>
              </value>
            </param>
            <param index="1">
              <value>
                <![CDATA[public void UnitClassSet.StaticPages.test_DigitalSecurityOfferingsPage.DigitalSecurityOfferingsPage_FooterLinks() throws java.lang.Exception]]>
              </value>
            </param>
          </params>
          <reporter-output>
          </reporter-output>
        </test-method> <!-- teardown -->
        <test-method status="PASS" signature="setup(java.lang.String)[pri:0, instance:UnitClassSet.StaticPages.test_DigitalSecurityOfferingsPage@56399b9e]" name="setup" is-config="true" duration-ms="3338" started-at="2019-03-07T16:25:33Z" finished-at="2019-03-07T16:25:36Z">
          <params>
            <param index="0">
              <value>
                <![CDATA[chrome]]>
              </value>
            </param>
          </params>
          <reporter-output>
          </reporter-output>
        </test-method> <!-- setup -->
        <test-method status="PASS" signature="DigitalSecurityOfferingsPage_HeaderButtons()[pri:0, instance:UnitClassSet.StaticPages.test_DigitalSecurityOfferingsPage@56399b9e]" name="DigitalSecurityOfferingsPage_HeaderButtons" duration-ms="25355" started-at="2019-03-07T16:25:36Z" finished-at="2019-03-07T16:26:02Z">
          <reporter-output>
          </reporter-output>
        </test-method> <!-- DigitalSecurityOfferingsPage_HeaderButtons -->
        <test-method status="PASS" signature="teardown(org.testng.ITestResult, java.lang.reflect.Method)[pri:0, instance:UnitClassSet.StaticPages.test_DigitalSecurityOfferingsPage@56399b9e]" name="teardown" is-config="true" duration-ms="658" started-at="2019-03-07T16:26:02Z" finished-at="2019-03-07T16:26:02Z">
          <params>
            <param index="0">
              <value>
                <![CDATA[[TestResult name=DigitalSecurityOfferingsPage_HeaderButtons status=SUCCESS method=test_DigitalSecurityOfferingsPage.DigitalSecurityOfferingsPage_HeaderButtons()[pri:0, instance:UnitClassSet.StaticPages.test_DigitalSecurityOfferingsPage@56399b9e] output={null}]]]>
              </value>
            </param>
            <param index="1">
              <value>
                <![CDATA[public void UnitClassSet.StaticPages.test_DigitalSecurityOfferingsPage.DigitalSecurityOfferingsPage_HeaderButtons() throws java.lang.Exception]]>
              </value>
            </param>
          </params>
          <reporter-output>
          </reporter-output>
        </test-method> <!-- teardown -->
        <test-method status="PASS" signature="setup(java.lang.String)[pri:0, instance:UnitClassSet.StaticPages.test_DigitalSecurityOfferingsPage@56399b9e]" name="setup" is-config="true" duration-ms="3246" started-at="2019-03-07T16:26:02Z" finished-at="2019-03-07T16:26:06Z">
          <params>
            <param index="0">
              <value>
                <![CDATA[chrome]]>
              </value>
            </param>
          </params>
          <reporter-output>
          </reporter-output>
        </test-method> <!-- setup -->
        <test-method status="PASS" signature="DigitalSecurityOfferingsPage_SignUpAndLogin()[pri:0, instance:UnitClassSet.StaticPages.test_DigitalSecurityOfferingsPage@56399b9e]" name="DigitalSecurityOfferingsPage_SignUpAndLogin" duration-ms="5995" started-at="2019-03-07T16:26:06Z" finished-at="2019-03-07T16:26:12Z">
          <reporter-output>
          </reporter-output>
        </test-method> <!-- DigitalSecurityOfferingsPage_SignUpAndLogin -->
        <test-method status="PASS" signature="teardown(org.testng.ITestResult, java.lang.reflect.Method)[pri:0, instance:UnitClassSet.StaticPages.test_DigitalSecurityOfferingsPage@56399b9e]" name="teardown" is-config="true" duration-ms="649" started-at="2019-03-07T16:26:12Z" finished-at="2019-03-07T16:26:12Z">
          <params>
            <param index="0">
              <value>
                <![CDATA[[TestResult name=DigitalSecurityOfferingsPage_SignUpAndLogin status=SUCCESS method=test_DigitalSecurityOfferingsPage.DigitalSecurityOfferingsPage_SignUpAndLogin()[pri:0, instance:UnitClassSet.StaticPages.test_DigitalSecurityOfferingsPage@56399b9e] output={null}]]]>
              </value>
            </param>
            <param index="1">
              <value>
                <![CDATA[public void UnitClassSet.StaticPages.test_DigitalSecurityOfferingsPage.DigitalSecurityOfferingsPage_SignUpAndLogin()]]>
              </value>
            </param>
          </params>
          <reporter-output>
          </reporter-output>
        </test-method> <!-- teardown -->
        <test-method status="PASS" signature="setup(java.lang.String)[pri:0, instance:UnitClassSet.StaticPages.test_DigitalSecurityOfferingsPage@56399b9e]" name="setup" is-config="true" duration-ms="3429" started-at="2019-03-07T16:26:12Z" finished-at="2019-03-07T16:26:16Z">
          <params>
            <param index="0">
              <value>
                <![CDATA[chrome]]>
              </value>
            </param>
          </params>
          <reporter-output>
          </reporter-output>
        </test-method> <!-- setup -->
        <test-method status="PASS" signature="DigitalSecurityOfferingsPage_SocialMediaIcons()[pri:0, instance:UnitClassSet.StaticPages.test_DigitalSecurityOfferingsPage@56399b9e]" name="DigitalSecurityOfferingsPage_SocialMediaIcons" duration-ms="38194" started-at="2019-03-07T16:26:16Z" finished-at="2019-03-07T16:26:54Z">
          <reporter-output>
          </reporter-output>
        </test-method> <!-- DigitalSecurityOfferingsPage_SocialMediaIcons -->
        <test-method status="PASS" signature="teardown(org.testng.ITestResult, java.lang.reflect.Method)[pri:0, instance:UnitClassSet.StaticPages.test_DigitalSecurityOfferingsPage@56399b9e]" name="teardown" is-config="true" duration-ms="730" started-at="2019-03-07T16:26:54Z" finished-at="2019-03-07T16:26:55Z">
          <params>
            <param index="0">
              <value>
                <![CDATA[[TestResult name=DigitalSecurityOfferingsPage_SocialMediaIcons status=SUCCESS method=test_DigitalSecurityOfferingsPage.DigitalSecurityOfferingsPage_SocialMediaIcons()[pri:0, instance:UnitClassSet.StaticPages.test_DigitalSecurityOfferingsPage@56399b9e] output={null}]]]>
              </value>
            </param>
            <param index="1">
              <value>
                <![CDATA[public void UnitClassSet.StaticPages.test_DigitalSecurityOfferingsPage.DigitalSecurityOfferingsPage_SocialMediaIcons() throws java.lang.Exception]]>
              </value>
            </param>
          </params>
          <reporter-output>
          </reporter-output>
        </test-method> <!-- teardown -->
        <test-method status="PASS" signature="setup(java.lang.String)[pri:0, instance:UnitClassSet.StaticPages.test_DigitalSecurityOfferingsPage@56399b9e]" name="setup" is-config="true" duration-ms="3390" started-at="2019-03-07T16:26:55Z" finished-at="2019-03-07T16:26:58Z">
          <params>
            <param index="0">
              <value>
                <![CDATA[chrome]]>
              </value>
            </param>
          </params>
          <reporter-output>
          </reporter-output>
        </test-method> <!-- setup -->
        <test-method status="PASS" signature="DigitalSecurityOfferingsPage_Title()[pri:0, instance:UnitClassSet.StaticPages.test_DigitalSecurityOfferingsPage@56399b9e]" name="DigitalSecurityOfferingsPage_Title" duration-ms="1615" started-at="2019-03-07T16:26:58Z" finished-at="2019-03-07T16:27:00Z">
          <reporter-output>
          </reporter-output>
        </test-method> <!-- DigitalSecurityOfferingsPage_Title -->
        <test-method status="PASS" signature="teardown(org.testng.ITestResult, java.lang.reflect.Method)[pri:0, instance:UnitClassSet.StaticPages.test_DigitalSecurityOfferingsPage@56399b9e]" name="teardown" is-config="true" duration-ms="642" started-at="2019-03-07T16:27:00Z" finished-at="2019-03-07T16:27:00Z">
          <params>
            <param index="0">
              <value>
                <![CDATA[[TestResult name=DigitalSecurityOfferingsPage_Title status=SUCCESS method=test_DigitalSecurityOfferingsPage.DigitalSecurityOfferingsPage_Title()[pri:0, instance:UnitClassSet.StaticPages.test_DigitalSecurityOfferingsPage@56399b9e] output={null}]]]>
              </value>
            </param>
            <param index="1">
              <value>
                <![CDATA[public void UnitClassSet.StaticPages.test_DigitalSecurityOfferingsPage.DigitalSecurityOfferingsPage_Title()]]>
              </value>
            </param>
          </params>
          <reporter-output>
          </reporter-output>
        </test-method> <!-- teardown -->
      </class> <!-- UnitClassSet.StaticPages.test_DigitalSecurityOfferingsPage -->
      <class name="UnitClassSet.StaticPages.test_AboutInvestingPage">
        <test-method status="PASS" signature="setup(java.lang.String)[pri:0, instance:UnitClassSet.StaticPages.test_AboutInvestingPage@65ddee5a]" name="setup" is-config="true" duration-ms="3441" started-at="2019-03-07T16:18:37Z" finished-at="2019-03-07T16:18:40Z">
          <params>
            <param index="0">
              <value>
                <![CDATA[chrome]]>
              </value>
            </param>
          </params>
          <reporter-output>
          </reporter-output>
        </test-method> <!-- setup -->
        <test-method status="PASS" signature="AboutInvestingPage_Body()[pri:0, instance:UnitClassSet.StaticPages.test_AboutInvestingPage@65ddee5a]" name="AboutInvestingPage_Body" duration-ms="17733" started-at="2019-03-07T16:18:40Z" finished-at="2019-03-07T16:18:58Z">
          <reporter-output>
          </reporter-output>
        </test-method> <!-- AboutInvestingPage_Body -->
        <test-method status="PASS" signature="teardown(org.testng.ITestResult, java.lang.reflect.Method)[pri:0, instance:UnitClassSet.StaticPages.test_AboutInvestingPage@65ddee5a]" name="teardown" is-config="true" duration-ms="743" started-at="2019-03-07T16:18:58Z" finished-at="2019-03-07T16:18:59Z">
          <params>
            <param index="0">
              <value>
                <![CDATA[[TestResult name=AboutInvestingPage_Body status=SUCCESS method=test_AboutInvestingPage.AboutInvestingPage_Body()[pri:0, instance:UnitClassSet.StaticPages.test_AboutInvestingPage@65ddee5a] output={null}]]]>
              </value>
            </param>
            <param index="1">
              <value>
                <![CDATA[public void UnitClassSet.StaticPages.test_AboutInvestingPage.AboutInvestingPage_Body() throws java.lang.Exception]]>
              </value>
            </param>
          </params>
          <reporter-output>
          </reporter-output>
        </test-method> <!-- teardown -->
        <test-method status="PASS" signature="setup(java.lang.String)[pri:0, instance:UnitClassSet.StaticPages.test_AboutInvestingPage@65ddee5a]" name="setup" is-config="true" duration-ms="3395" started-at="2019-03-07T16:18:59Z" finished-at="2019-03-07T16:19:02Z">
          <params>
            <param index="0">
              <value>
                <![CDATA[chrome]]>
              </value>
            </param>
          </params>
          <reporter-output>
          </reporter-output>
        </test-method> <!-- setup -->
        <test-method status="PASS" signature="AboutInvestingPage_FooterLinks()[pri:0, instance:UnitClassSet.StaticPages.test_AboutInvestingPage@65ddee5a]" name="AboutInvestingPage_FooterLinks" duration-ms="32020" started-at="2019-03-07T16:19:02Z" finished-at="2019-03-07T16:19:34Z">
          <reporter-output>
          </reporter-output>
        </test-method> <!-- AboutInvestingPage_FooterLinks -->
        <test-method status="PASS" signature="teardown(org.testng.ITestResult, java.lang.reflect.Method)[pri:0, instance:UnitClassSet.StaticPages.test_AboutInvestingPage@65ddee5a]" name="teardown" is-config="true" duration-ms="753" started-at="2019-03-07T16:19:34Z" finished-at="2019-03-07T16:19:35Z">
          <params>
            <param index="0">
              <value>
                <![CDATA[[TestResult name=AboutInvestingPage_FooterLinks status=SUCCESS method=test_AboutInvestingPage.AboutInvestingPage_FooterLinks()[pri:0, instance:UnitClassSet.StaticPages.test_AboutInvestingPage@65ddee5a] output={null}]]]>
              </value>
            </param>
            <param index="1">
              <value>
                <![CDATA[public void UnitClassSet.StaticPages.test_AboutInvestingPage.AboutInvestingPage_FooterLinks() throws java.lang.Exception]]>
              </value>
            </param>
          </params>
          <reporter-output>
          </reporter-output>
        </test-method> <!-- teardown -->
        <test-method status="PASS" signature="setup(java.lang.String)[pri:0, instance:UnitClassSet.StaticPages.test_AboutInvestingPage@65ddee5a]" name="setup" is-config="true" duration-ms="3347" started-at="2019-03-07T16:19:35Z" finished-at="2019-03-07T16:19:38Z">
          <params>
            <param index="0">
              <value>
                <![CDATA[chrome]]>
              </value>
            </param>
          </params>
          <reporter-output>
          </reporter-output>
        </test-method> <!-- setup -->
        <test-method status="PASS" signature="AboutInvestingPage_HeaderButtons()[pri:0, instance:UnitClassSet.StaticPages.test_AboutInvestingPage@65ddee5a]" name="AboutInvestingPage_HeaderButtons" duration-ms="20470" started-at="2019-03-07T16:19:38Z" finished-at="2019-03-07T16:19:59Z">
          <reporter-output>
          </reporter-output>
        </test-method> <!-- AboutInvestingPage_HeaderButtons -->
        <test-method status="PASS" signature="teardown(org.testng.ITestResult, java.lang.reflect.Method)[pri:0, instance:UnitClassSet.StaticPages.test_AboutInvestingPage@65ddee5a]" name="teardown" is-config="true" duration-ms="732" started-at="2019-03-07T16:19:59Z" finished-at="2019-03-07T16:20:00Z">
          <params>
            <param index="0">
              <value>
                <![CDATA[[TestResult name=AboutInvestingPage_HeaderButtons status=SUCCESS method=test_AboutInvestingPage.AboutInvestingPage_HeaderButtons()[pri:0, instance:UnitClassSet.StaticPages.test_AboutInvestingPage@65ddee5a] output={null}]]]>
              </value>
            </param>
            <param index="1">
              <value>
                <![CDATA[public void UnitClassSet.StaticPages.test_AboutInvestingPage.AboutInvestingPage_HeaderButtons() throws java.lang.Exception]]>
              </value>
            </param>
          </params>
          <reporter-output>
          </reporter-output>
        </test-method> <!-- teardown -->
        <test-method status="PASS" signature="setup(java.lang.String)[pri:0, instance:UnitClassSet.StaticPages.test_AboutInvestingPage@65ddee5a]" name="setup" is-config="true" duration-ms="3546" started-at="2019-03-07T16:20:00Z" finished-at="2019-03-07T16:20:03Z">
          <params>
            <param index="0">
              <value>
                <![CDATA[chrome]]>
              </value>
            </param>
          </params>
          <reporter-output>
          </reporter-output>
        </test-method> <!-- setup -->
        <test-method status="PASS" signature="AboutInvestingPage_SignUpAndLogin()[pri:0, instance:UnitClassSet.StaticPages.test_AboutInvestingPage@65ddee5a]" name="AboutInvestingPage_SignUpAndLogin" duration-ms="5762" started-at="2019-03-07T16:20:03Z" finished-at="2019-03-07T16:20:09Z">
          <reporter-output>
          </reporter-output>
        </test-method> <!-- AboutInvestingPage_SignUpAndLogin -->
        <test-method status="PASS" signature="teardown(org.testng.ITestResult, java.lang.reflect.Method)[pri:0, instance:UnitClassSet.StaticPages.test_AboutInvestingPage@65ddee5a]" name="teardown" is-config="true" duration-ms="797" started-at="2019-03-07T16:20:09Z" finished-at="2019-03-07T16:20:10Z">
          <params>
            <param index="0">
              <value>
                <![CDATA[[TestResult name=AboutInvestingPage_SignUpAndLogin status=SUCCESS method=test_AboutInvestingPage.AboutInvestingPage_SignUpAndLogin()[pri:0, instance:UnitClassSet.StaticPages.test_AboutInvestingPage@65ddee5a] output={null}]]]>
              </value>
            </param>
            <param index="1">
              <value>
                <![CDATA[public void UnitClassSet.StaticPages.test_AboutInvestingPage.AboutInvestingPage_SignUpAndLogin()]]>
              </value>
            </param>
          </params>
          <reporter-output>
          </reporter-output>
        </test-method> <!-- teardown -->
        <test-method status="PASS" signature="setup(java.lang.String)[pri:0, instance:UnitClassSet.StaticPages.test_AboutInvestingPage@65ddee5a]" name="setup" is-config="true" duration-ms="3384" started-at="2019-03-07T16:20:10Z" finished-at="2019-03-07T16:20:13Z">
          <params>
            <param index="0">
              <value>
                <![CDATA[chrome]]>
              </value>
            </param>
          </params>
          <reporter-output>
          </reporter-output>
        </test-method> <!-- setup -->
      </class> <!-- UnitClassSet.StaticPages.test_AboutInvestingPage -->
      <class name="UnitClassSet.StaticPages.test_BrowseDealsPage">
        <test-method status="PASS" signature="setup(java.lang.String)[pri:0, instance:UnitClassSet.StaticPages.test_BrowseDealsPage@3ae126d1]" name="setup" is-config="true" duration-ms="3343" started-at="2019-03-07T16:11:09Z" finished-at="2019-03-07T16:11:12Z">
          <params>
            <param index="0">
              <value>
                <![CDATA[chrome]]>
              </value>
            </param>
          </params>
          <reporter-output>
          </reporter-output>
        </test-method> <!-- setup -->
        <test-method status="PASS" signature="BrowseDealsPage_Body()[pri:0, instance:UnitClassSet.StaticPages.test_BrowseDealsPage@3ae126d1]" name="BrowseDealsPage_Body" duration-ms="17944" started-at="2019-03-07T16:11:12Z" finished-at="2019-03-07T16:11:30Z">
          <reporter-output>
          </reporter-output>
        </test-method> <!-- BrowseDealsPage_Body -->
        <test-method status="PASS" signature="teardown(org.testng.ITestResult, java.lang.reflect.Method)[pri:0, instance:UnitClassSet.StaticPages.test_BrowseDealsPage@3ae126d1]" name="teardown" is-config="true" duration-ms="743" started-at="2019-03-07T16:11:30Z" finished-at="2019-03-07T16:11:31Z">
          <params>
            <param index="0">
              <value>
                <![CDATA[[TestResult name=BrowseDealsPage_Body status=SUCCESS method=test_BrowseDealsPage.BrowseDealsPage_Body()[pri:0, instance:UnitClassSet.StaticPages.test_BrowseDealsPage@3ae126d1] output={null}]]]>
              </value>
            </param>
            <param index="1">
              <value>
                <![CDATA[public void UnitClassSet.StaticPages.test_BrowseDealsPage.BrowseDealsPage_Body() throws java.lang.Exception]]>
              </value>
            </param>
          </params>
          <reporter-output>
          </reporter-output>
        </test-method> <!-- teardown -->
        <test-method status="PASS" signature="setup(java.lang.String)[pri:0, instance:UnitClassSet.StaticPages.test_BrowseDealsPage@3ae126d1]" name="setup" is-config="true" duration-ms="3425" started-at="2019-03-07T16:11:31Z" finished-at="2019-03-07T16:11:34Z">
          <params>
            <param index="0">
              <value>
                <![CDATA[chrome]]>
              </value>
            </param>
          </params>
          <reporter-output>
          </reporter-output>
        </test-method> <!-- setup -->
        <test-method status="PASS" signature="BrowseDealsPage_CheckDealsPage()[pri:0, instance:UnitClassSet.StaticPages.test_BrowseDealsPage@3ae126d1]" name="BrowseDealsPage_CheckDealsPage" duration-ms="26113" started-at="2019-03-07T16:11:34Z" finished-at="2019-03-07T16:12:00Z">
          <reporter-output>
          </reporter-output>
        </test-method> <!-- BrowseDealsPage_CheckDealsPage -->
        <test-method status="PASS" signature="teardown(org.testng.ITestResult, java.lang.reflect.Method)[pri:0, instance:UnitClassSet.StaticPages.test_BrowseDealsPage@3ae126d1]" name="teardown" is-config="true" duration-ms="806" started-at="2019-03-07T16:12:00Z" finished-at="2019-03-07T16:12:01Z">
          <params>
            <param index="0">
              <value>
                <![CDATA[[TestResult name=BrowseDealsPage_CheckDealsPage status=SUCCESS method=test_BrowseDealsPage.BrowseDealsPage_CheckDealsPage()[pri:0, instance:UnitClassSet.StaticPages.test_BrowseDealsPage@3ae126d1] output={null}]]]>
              </value>
            </param>
            <param index="1">
              <value>
                <![CDATA[public void UnitClassSet.StaticPages.test_BrowseDealsPage.BrowseDealsPage_CheckDealsPage()]]>
              </value>
            </param>
          </params>
          <reporter-output>
          </reporter-output>
        </test-method> <!-- teardown -->
        <test-method status="PASS" signature="setup(java.lang.String)[pri:0, instance:UnitClassSet.StaticPages.test_BrowseDealsPage@3ae126d1]" name="setup" is-config="true" duration-ms="3348" started-at="2019-03-07T16:12:01Z" finished-at="2019-03-07T16:12:05Z">
          <params>
            <param index="0">
              <value>
                <![CDATA[chrome]]>
              </value>
            </param>
          </params>
          <reporter-output>
          </reporter-output>
        </test-method> <!-- setup -->
        <test-method status="PASS" signature="BrowseDealsPage_FooterLinks()[pri:0, instance:UnitClassSet.StaticPages.test_BrowseDealsPage@3ae126d1]" name="BrowseDealsPage_FooterLinks" duration-ms="37795" started-at="2019-03-07T16:12:05Z" finished-at="2019-03-07T16:12:42Z">
          <reporter-output>
          </reporter-output>
        </test-method> <!-- BrowseDealsPage_FooterLinks -->
        <test-method status="PASS" signature="teardown(org.testng.ITestResult, java.lang.reflect.Method)[pri:0, instance:UnitClassSet.StaticPages.test_BrowseDealsPage@3ae126d1]" name="teardown" is-config="true" duration-ms="713" started-at="2019-03-07T16:12:42Z" finished-at="2019-03-07T16:12:43Z">
          <params>
            <param index="0">
              <value>
                <![CDATA[[TestResult name=BrowseDealsPage_FooterLinks status=SUCCESS method=test_BrowseDealsPage.BrowseDealsPage_FooterLinks()[pri:0, instance:UnitClassSet.StaticPages.test_BrowseDealsPage@3ae126d1] output={null}]]]>
              </value>
            </param>
            <param index="1">
              <value>
                <![CDATA[public void UnitClassSet.StaticPages.test_BrowseDealsPage.BrowseDealsPage_FooterLinks() throws java.lang.Exception]]>
              </value>
            </param>
          </params>
          <reporter-output>
          </reporter-output>
        </test-method> <!-- teardown -->
        <test-method status="PASS" signature="setup(java.lang.String)[pri:0, instance:UnitClassSet.StaticPages.test_BrowseDealsPage@3ae126d1]" name="setup" is-config="true" duration-ms="3416" started-at="2019-03-07T16:12:43Z" finished-at="2019-03-07T16:12:46Z">
          <params>
            <param index="0">
              <value>
                <![CDATA[chrome]]>
              </value>
            </param>
          </params>
          <reporter-output>
          </reporter-output>
        </test-method> <!-- setup -->
        <test-method status="PASS" signature="BrowseDealsPage_HeaderButtons()[pri:0, instance:UnitClassSet.StaticPages.test_BrowseDealsPage@3ae126d1]" name="BrowseDealsPage_HeaderButtons" duration-ms="23631" started-at="2019-03-07T16:12:46Z" finished-at="2019-03-07T16:13:10Z">
          <reporter-output>
          </reporter-output>
        </test-method> <!-- BrowseDealsPage_HeaderButtons -->
        <test-method status="PASS" signature="teardown(org.testng.ITestResult, java.lang.reflect.Method)[pri:0, instance:UnitClassSet.StaticPages.test_BrowseDealsPage@3ae126d1]" name="teardown" is-config="true" duration-ms="727" started-at="2019-03-07T16:13:10Z" finished-at="2019-03-07T16:13:11Z">
          <params>
            <param index="0">
              <value>
                <![CDATA[[TestResult name=BrowseDealsPage_HeaderButtons status=SUCCESS method=test_BrowseDealsPage.BrowseDealsPage_HeaderButtons()[pri:0, instance:UnitClassSet.StaticPages.test_BrowseDealsPage@3ae126d1] output={null}]]]>
              </value>
            </param>
            <param index="1">
              <value>
                <![CDATA[public void UnitClassSet.StaticPages.test_BrowseDealsPage.BrowseDealsPage_HeaderButtons() throws java.lang.Exception]]>
              </value>
            </param>
          </params>
          <reporter-output>
          </reporter-output>
        </test-method> <!-- teardown -->
        <test-method status="PASS" signature="setup(java.lang.String)[pri:0, instance:UnitClassSet.StaticPages.test_BrowseDealsPage@3ae126d1]" name="setup" is-config="true" duration-ms="3361" started-at="2019-03-07T16:13:11Z" finished-at="2019-03-07T16:13:14Z">
          <params>
            <param index="0">
              <value>
                <![CDATA[chrome]]>
              </value>
            </param>
          </params>
          <reporter-output>
          </reporter-output>
        </test-method> <!-- setup -->
        <test-method status="PASS" signature="BrowseDealsPage_SignUpAndLogin()[pri:0, instance:UnitClassSet.StaticPages.test_BrowseDealsPage@3ae126d1]" name="BrowseDealsPage_SignUpAndLogin" duration-ms="12561" started-at="2019-03-07T16:13:14Z" finished-at="2019-03-07T16:13:27Z">
          <reporter-output>
          </reporter-output>
        </test-method> <!-- BrowseDealsPage_SignUpAndLogin -->
        <test-method status="PASS" signature="teardown(org.testng.ITestResult, java.lang.reflect.Method)[pri:0, instance:UnitClassSet.StaticPages.test_BrowseDealsPage@3ae126d1]" name="teardown" is-config="true" duration-ms="717" started-at="2019-03-07T16:13:27Z" finished-at="2019-03-07T16:13:27Z">
          <params>
            <param index="0">
              <value>
                <![CDATA[[TestResult name=BrowseDealsPage_SignUpAndLogin status=SUCCESS method=test_BrowseDealsPage.BrowseDealsPage_SignUpAndLogin()[pri:0, instance:UnitClassSet.StaticPages.test_BrowseDealsPage@3ae126d1] output={null}]]]>
              </value>
            </param>
            <param index="1">
              <value>
                <![CDATA[public void UnitClassSet.StaticPages.test_BrowseDealsPage.BrowseDealsPage_SignUpAndLogin()]]>
              </value>
            </param>
          </params>
          <reporter-output>
          </reporter-output>
        </test-method> <!-- teardown -->
        <test-method status="PASS" signature="setup(java.lang.String)[pri:0, instance:UnitClassSet.StaticPages.test_BrowseDealsPage@3ae126d1]" name="setup" is-config="true" duration-ms="3351" started-at="2019-03-07T16:13:27Z" finished-at="2019-03-07T16:13:31Z">
          <params>
            <param index="0">
              <value>
                <![CDATA[chrome]]>
              </value>
            </param>
          </params>
          <reporter-output>
          </reporter-output>
        </test-method> <!-- setup -->
        <test-method status="PASS" signature="BrowseDealsPage_SocialMediaIcons()[pri:0, instance:UnitClassSet.StaticPages.test_BrowseDealsPage@3ae126d1]" name="BrowseDealsPage_SocialMediaIcons" duration-ms="29753" started-at="2019-03-07T16:13:31Z" finished-at="2019-03-07T16:14:01Z">
          <reporter-output>
          </reporter-output>
        </test-method> <!-- BrowseDealsPage_SocialMediaIcons -->
        <test-method status="PASS" signature="teardown(org.testng.ITestResult, java.lang.reflect.Method)[pri:0, instance:UnitClassSet.StaticPages.test_BrowseDealsPage@3ae126d1]" name="teardown" is-config="true" duration-ms="770" started-at="2019-03-07T16:14:01Z" finished-at="2019-03-07T16:14:01Z">
          <params>
            <param index="0">
              <value>
                <![CDATA[[TestResult name=BrowseDealsPage_SocialMediaIcons status=SUCCESS method=test_BrowseDealsPage.BrowseDealsPage_SocialMediaIcons()[pri:0, instance:UnitClassSet.StaticPages.test_BrowseDealsPage@3ae126d1] output={null}]]]>
              </value>
            </param>
            <param index="1">
              <value>
                <![CDATA[public void UnitClassSet.StaticPages.test_BrowseDealsPage.BrowseDealsPage_SocialMediaIcons() throws java.lang.Exception]]>
              </value>
            </param>
          </params>
          <reporter-output>
          </reporter-output>
        </test-method> <!-- teardown -->
        <test-method status="PASS" signature="setup(java.lang.String)[pri:0, instance:UnitClassSet.StaticPages.test_BrowseDealsPage@3ae126d1]" name="setup" is-config="true" duration-ms="3246" started-at="2019-03-07T16:14:01Z" finished-at="2019-03-07T16:14:05Z">
          <params>
            <param index="0">
              <value>
                <![CDATA[chrome]]>
              </value>
            </param>
          </params>
          <reporter-output>
          </reporter-output>
        </test-method> <!-- setup -->
        <test-method status="PASS" signature="BrowseDealsPage_Title()[pri:0, instance:UnitClassSet.StaticPages.test_BrowseDealsPage@3ae126d1]" name="BrowseDealsPage_Title" duration-ms="8711" started-at="2019-03-07T16:14:05Z" finished-at="2019-03-07T16:14:13Z">
          <reporter-output>
          </reporter-output>
        </test-method> <!-- BrowseDealsPage_Title -->
        <test-method status="PASS" signature="teardown(org.testng.ITestResult, java.lang.reflect.Method)[pri:0, instance:UnitClassSet.StaticPages.test_BrowseDealsPage@3ae126d1]" name="teardown" is-config="true" duration-ms="759" started-at="2019-03-07T16:14:13Z" finished-at="2019-03-07T16:14:14Z">
          <params>
            <param index="0">
              <value>
                <![CDATA[[TestResult name=BrowseDealsPage_Title status=SUCCESS method=test_BrowseDealsPage.BrowseDealsPage_Title()[pri:0, instance:UnitClassSet.StaticPages.test_BrowseDealsPage@3ae126d1] output={null}]]]>
              </value>
            </param>
            <param index="1">
              <value>
                <![CDATA[public void UnitClassSet.StaticPages.test_BrowseDealsPage.BrowseDealsPage_Title()]]>
              </value>
            </param>
          </params>
          <reporter-output>
          </reporter-output>
        </test-method> <!-- teardown -->
      </class> <!-- UnitClassSet.StaticPages.test_BrowseDealsPage -->
      <class name="UnitClassSet.StaticPages.test_MainPage">
        <test-method status="PASS" signature="test()[pri:0, instance:UnitClassSet.StaticPages.test_MainPage@7e7f3cfd]" name="test" is-config="true" duration-ms="19" started-at="2019-03-07T16:08:31Z" finished-at="2019-03-07T16:08:31Z">
          <reporter-output>
          </reporter-output>
        </test-method> <!-- test -->
        <test-method status="PASS" signature="setup(java.lang.String)[pri:0, instance:UnitClassSet.StaticPages.test_MainPage@7e7f3cfd]" name="setup" is-config="true" duration-ms="5430" started-at="2019-03-07T16:08:32Z" finished-at="2019-03-07T16:08:37Z">
          <params>
            <param index="0">
              <value>
                <![CDATA[chrome]]>
              </value>
            </param>
          </params>
          <reporter-output>
          </reporter-output>
        </test-method> <!-- setup -->
        <test-method status="PASS" signature="MainPage_BodyButtons()[pri:0, instance:UnitClassSet.StaticPages.test_MainPage@7e7f3cfd]" name="MainPage_BodyButtons" duration-ms="23160" started-at="2019-03-07T16:08:37Z" finished-at="2019-03-07T16:09:00Z">
          <reporter-output>
          </reporter-output>
        </test-method> <!-- MainPage_BodyButtons -->
        <test-method status="PASS" signature="teardown(org.testng.ITestResult, java.lang.reflect.Method)[pri:0, instance:UnitClassSet.StaticPages.test_MainPage@7e7f3cfd]" name="teardown" is-config="true" duration-ms="685" started-at="2019-03-07T16:09:00Z" finished-at="2019-03-07T16:09:01Z">
          <params>
            <param index="0">
              <value>
                <![CDATA[[TestResult name=MainPage_BodyButtons status=SUCCESS method=test_MainPage.MainPage_BodyButtons()[pri:0, instance:UnitClassSet.StaticPages.test_MainPage@7e7f3cfd] output={null}]]]>
              </value>
            </param>
            <param index="1">
              <value>
                <![CDATA[public void UnitClassSet.StaticPages.test_MainPage.MainPage_BodyButtons()]]>
              </value>
            </param>
          </params>
          <reporter-output>
          </reporter-output>
        </test-method> <!-- teardown -->
        <test-method status="PASS" signature="setup(java.lang.String)[pri:0, instance:UnitClassSet.StaticPages.test_MainPage@7e7f3cfd]" name="setup" is-config="true" duration-ms="3320" started-at="2019-03-07T16:09:01Z" finished-at="2019-03-07T16:09:04Z">
          <params>
            <param index="0">
              <value>
                <![CDATA[chrome]]>
              </value>
            </param>
          </params>
          <reporter-output>
          </reporter-output>
        </test-method> <!-- setup -->
        <test-method status="PASS" signature="MainPage_FooterLinks()[pri:0, instance:UnitClassSet.StaticPages.test_MainPage@7e7f3cfd]" name="MainPage_FooterLinks" duration-ms="35174" started-at="2019-03-07T16:09:04Z" finished-at="2019-03-07T16:09:39Z">
          <reporter-output>
          </reporter-output>
        </test-method> <!-- MainPage_FooterLinks -->
        <test-method status="PASS" signature="teardown(org.testng.ITestResult, java.lang.reflect.Method)[pri:0, instance:UnitClassSet.StaticPages.test_MainPage@7e7f3cfd]" name="teardown" is-config="true" duration-ms="681" started-at="2019-03-07T16:09:39Z" finished-at="2019-03-07T16:09:40Z">
          <params>
            <param index="0">
              <value>
                <![CDATA[[TestResult name=MainPage_FooterLinks status=SUCCESS method=test_MainPage.MainPage_FooterLinks()[pri:0, instance:UnitClassSet.StaticPages.test_MainPage@7e7f3cfd] output={null}]]]>
              </value>
            </param>
            <param index="1">
              <value>
                <![CDATA[public void UnitClassSet.StaticPages.test_MainPage.MainPage_FooterLinks() throws java.lang.Exception]]>
              </value>
            </param>
          </params>
          <reporter-output>
          </reporter-output>
        </test-method> <!-- teardown -->
        <test-method status="PASS" signature="setup(java.lang.String)[pri:0, instance:UnitClassSet.StaticPages.test_MainPage@7e7f3cfd]" name="setup" is-config="true" duration-ms="3320" started-at="2019-03-07T16:09:40Z" finished-at="2019-03-07T16:09:43Z">
          <params>
            <param index="0">
              <value>
                <![CDATA[chrome]]>
              </value>
            </param>
          </params>
          <reporter-output>
          </reporter-output>
        </test-method> <!-- setup -->
        <test-method status="PASS" signature="MainPage_HeaderAndFooterSeriesOneLogoButton()[pri:0, instance:UnitClassSet.StaticPages.test_MainPage@7e7f3cfd]" name="MainPage_HeaderAndFooterSeriesOneLogoButton" duration-ms="6047" started-at="2019-03-07T16:09:43Z" finished-at="2019-03-07T16:09:49Z">
          <reporter-output>
          </reporter-output>
        </test-method> <!-- MainPage_HeaderAndFooterSeriesOneLogoButton -->
        <test-method status="PASS" signature="teardown(org.testng.ITestResult, java.lang.reflect.Method)[pri:0, instance:UnitClassSet.StaticPages.test_MainPage@7e7f3cfd]" name="teardown" is-config="true" duration-ms="777" started-at="2019-03-07T16:09:49Z" finished-at="2019-03-07T16:09:50Z">
          <params>
            <param index="0">
              <value>
                <![CDATA[[TestResult name=MainPage_HeaderAndFooterSeriesOneLogoButton status=SUCCESS method=test_MainPage.MainPage_HeaderAndFooterSeriesOneLogoButton()[pri:0, instance:UnitClassSet.StaticPages.test_MainPage@7e7f3cfd] output={null}]]]>
              </value>
            </param>
            <param index="1">
              <value>
                <![CDATA[public void UnitClassSet.StaticPages.test_MainPage.MainPage_HeaderAndFooterSeriesOneLogoButton()]]>
              </value>
            </param>
          </params>
          <reporter-output>
          </reporter-output>
        </test-method> <!-- teardown -->
        <test-method status="PASS" signature="setup(java.lang.String)[pri:0, instance:UnitClassSet.StaticPages.test_MainPage@7e7f3cfd]" name="setup" is-config="true" duration-ms="3345" started-at="2019-03-07T16:09:50Z" finished-at="2019-03-07T16:09:54Z">
          <params>
            <param index="0">
              <value>
                <![CDATA[chrome]]>
              </value>
            </param>
          </params>
          <reporter-output>
          </reporter-output>
        </test-method> <!-- setup -->
        <test-method status="PASS" signature="MainPage_HeaderButtons()[pri:0, instance:UnitClassSet.StaticPages.test_MainPage@7e7f3cfd]" name="MainPage_HeaderButtons" duration-ms="28009" started-at="2019-03-07T16:09:54Z" finished-at="2019-03-07T16:10:22Z">
          <reporter-output>
          </reporter-output>
        </test-method> <!-- MainPage_HeaderButtons -->
        <test-method status="PASS" signature="teardown(org.testng.ITestResult, java.lang.reflect.Method)[pri:0, instance:UnitClassSet.StaticPages.test_MainPage@7e7f3cfd]" name="teardown" is-config="true" duration-ms="753" started-at="2019-03-07T16:10:22Z" finished-at="2019-03-07T16:10:22Z">
          <params>
            <param index="0">
              <value>
                <![CDATA[[TestResult name=MainPage_HeaderButtons status=SUCCESS method=test_MainPage.MainPage_HeaderButtons()[pri:0, instance:UnitClassSet.StaticPages.test_MainPage@7e7f3cfd] output={null}]]]>
              </value>
            </param>
            <param index="1">
              <value>
                <![CDATA[public void UnitClassSet.StaticPages.test_MainPage.MainPage_HeaderButtons() throws java.lang.Exception]]>
              </value>
            </param>
          </params>
          <reporter-output>
          </reporter-output>
        </test-method> <!-- teardown -->
        <test-method status="PASS" signature="setup(java.lang.String)[pri:0, instance:UnitClassSet.StaticPages.test_MainPage@7e7f3cfd]" name="setup" is-config="true" duration-ms="3359" started-at="2019-03-07T16:10:22Z" finished-at="2019-03-07T16:10:26Z">
          <params>
            <param index="0">
              <value>
                <![CDATA[chrome]]>
              </value>
            </param>
          </params>
          <reporter-output>
          </reporter-output>
        </test-method> <!-- setup -->
        <test-method status="PASS" signature="MainPage_SignUpAndLogin()[pri:0, instance:UnitClassSet.StaticPages.test_MainPage@7e7f3cfd]" name="MainPage_SignUpAndLogin" duration-ms="6971" started-at="2019-03-07T16:10:26Z" finished-at="2019-03-07T16:10:33Z">
          <reporter-output>
          </reporter-output>
        </test-method> <!-- MainPage_SignUpAndLogin -->
        <test-method status="PASS" signature="teardown(org.testng.ITestResult, java.lang.reflect.Method)[pri:0, instance:UnitClassSet.StaticPages.test_MainPage@7e7f3cfd]" name="teardown" is-config="true" duration-ms="737" started-at="2019-03-07T16:10:33Z" finished-at="2019-03-07T16:10:33Z">
          <params>
            <param index="0">
              <value>
                <![CDATA[[TestResult name=MainPage_SignUpAndLogin status=SUCCESS method=test_MainPage.MainPage_SignUpAndLogin()[pri:0, instance:UnitClassSet.StaticPages.test_MainPage@7e7f3cfd] output={null}]]]>
              </value>
            </param>
            <param index="1">
              <value>
                <![CDATA[public void UnitClassSet.StaticPages.test_MainPage.MainPage_SignUpAndLogin()]]>
              </value>
            </param>
          </params>
          <reporter-output>
          </reporter-output>
        </test-method> <!-- teardown -->
        <test-method status="PASS" signature="setup(java.lang.String)[pri:0, instance:UnitClassSet.StaticPages.test_MainPage@7e7f3cfd]" name="setup" is-config="true" duration-ms="3357" started-at="2019-03-07T16:10:33Z" finished-at="2019-03-07T16:10:37Z">
          <params>
            <param index="0">
              <value>
                <![CDATA[chrome]]>
              </value>
            </param>
          </params>
          <reporter-output>
          </reporter-output>
        </test-method> <!-- setup -->
        <test-method status="PASS" signature="MainPage_SocialMediaIcons()[pri:0, instance:UnitClassSet.StaticPages.test_MainPage@7e7f3cfd]" name="MainPage_SocialMediaIcons" duration-ms="23353" started-at="2019-03-07T16:10:37Z" finished-at="2019-03-07T16:11:00Z">
          <reporter-output>
          </reporter-output>
        </test-method> <!-- MainPage_SocialMediaIcons -->
        <test-method status="PASS" signature="teardown(org.testng.ITestResult, java.lang.reflect.Method)[pri:0, instance:UnitClassSet.StaticPages.test_MainPage@7e7f3cfd]" name="teardown" is-config="true" duration-ms="763" started-at="2019-03-07T16:11:00Z" finished-at="2019-03-07T16:11:01Z">
          <params>
            <param index="0">
              <value>
                <![CDATA[[TestResult name=MainPage_SocialMediaIcons status=SUCCESS method=test_MainPage.MainPage_SocialMediaIcons()[pri:0, instance:UnitClassSet.StaticPages.test_MainPage@7e7f3cfd] output={null}]]]>
              </value>
            </param>
            <param index="1">
              <value>
                <![CDATA[public void UnitClassSet.StaticPages.test_MainPage.MainPage_SocialMediaIcons() throws java.lang.Exception]]>
              </value>
            </param>
          </params>
          <reporter-output>
          </reporter-output>
        </test-method> <!-- teardown -->
        <test-method status="PASS" signature="setup(java.lang.String)[pri:0, instance:UnitClassSet.StaticPages.test_MainPage@7e7f3cfd]" name="setup" is-config="true" duration-ms="3394" started-at="2019-03-07T16:11:01Z" finished-at="2019-03-07T16:11:04Z">
          <params>
            <param index="0">
              <value>
                <![CDATA[chrome]]>
              </value>
            </param>
          </params>
          <reporter-output>
          </reporter-output>
        </test-method> <!-- setup -->
        <test-method status="PASS" signature="MainPage_Title()[pri:0, instance:UnitClassSet.StaticPages.test_MainPage@7e7f3cfd]" name="MainPage_Title" duration-ms="3810" started-at="2019-03-07T16:11:04Z" finished-at="2019-03-07T16:11:08Z">
          <reporter-output>
          </reporter-output>
        </test-method> <!-- MainPage_Title -->
        <test-method status="PASS" signature="teardown(org.testng.ITestResult, java.lang.reflect.Method)[pri:0, instance:UnitClassSet.StaticPages.test_MainPage@7e7f3cfd]" name="teardown" is-config="true" duration-ms="723" started-at="2019-03-07T16:11:08Z" finished-at="2019-03-07T16:11:09Z">
          <params>
            <param index="0">
              <value>
                <![CDATA[[TestResult name=MainPage_Title status=SUCCESS method=test_MainPage.MainPage_Title()[pri:0, instance:UnitClassSet.StaticPages.test_MainPage@7e7f3cfd] output={null}]]]>
              </value>
            </param>
            <param index="1">
              <value>
                <![CDATA[public void UnitClassSet.StaticPages.test_MainPage.MainPage_Title()]]>
              </value>
            </param>
          </params>
          <reporter-output>
          </reporter-output>
        </test-method> <!-- teardown -->
      </class> <!-- UnitClassSet.StaticPages.test_MainPage -->
      <class name="UnitClassSet.StaticPages.test_ContactUsPage">
        <test-method status="PASS" signature="setup(java.lang.String)[pri:0, instance:UnitClassSet.StaticPages.test_ContactUsPage@34b9eb03]" name="setup" is-config="true" duration-ms="3325" started-at="2019-03-07T16:27:00Z" finished-at="2019-03-07T16:27:04Z">
          <params>
            <param index="0">
              <value>
                <![CDATA[chrome]]>
              </value>
            </param>
          </params>
          <reporter-output>
          </reporter-output>
        </test-method> <!-- setup -->
        <test-method status="PASS" signature="ContactUsPage_Body()[pri:0, instance:UnitClassSet.StaticPages.test_ContactUsPage@34b9eb03]" name="ContactUsPage_Body" duration-ms="3010" started-at="2019-03-07T16:27:04Z" finished-at="2019-03-07T16:27:07Z">
          <reporter-output>
          </reporter-output>
        </test-method> <!-- ContactUsPage_Body -->
        <test-method status="PASS" signature="teardown(org.testng.ITestResult, java.lang.reflect.Method)[pri:0, instance:UnitClassSet.StaticPages.test_ContactUsPage@34b9eb03]" name="teardown" is-config="true" duration-ms="772" started-at="2019-03-07T16:27:07Z" finished-at="2019-03-07T16:27:07Z">
          <params>
            <param index="0">
              <value>
                <![CDATA[[TestResult name=ContactUsPage_Body status=SUCCESS method=test_ContactUsPage.ContactUsPage_Body()[pri:0, instance:UnitClassSet.StaticPages.test_ContactUsPage@34b9eb03] output={null}]]]>
              </value>
            </param>
            <param index="1">
              <value>
                <![CDATA[public void UnitClassSet.StaticPages.test_ContactUsPage.ContactUsPage_Body() throws java.lang.Exception]]>
              </value>
            </param>
          </params>
          <reporter-output>
          </reporter-output>
        </test-method> <!-- teardown -->
        <test-method status="PASS" signature="setup(java.lang.String)[pri:0, instance:UnitClassSet.StaticPages.test_ContactUsPage@34b9eb03]" name="setup" is-config="true" duration-ms="3353" started-at="2019-03-07T16:27:07Z" finished-at="2019-03-07T16:27:11Z">
          <params>
            <param index="0">
              <value>
                <![CDATA[chrome]]>
              </value>
            </param>
          </params>
          <reporter-output>
          </reporter-output>
        </test-method> <!-- setup -->
        <test-method status="PASS" signature="ContactUsPage_FooterLinks()[pri:0, instance:UnitClassSet.StaticPages.test_ContactUsPage@34b9eb03]" name="ContactUsPage_FooterLinks" duration-ms="31390" started-at="2019-03-07T16:27:11Z" finished-at="2019-03-07T16:27:42Z">
          <reporter-output>
          </reporter-output>
        </test-method> <!-- ContactUsPage_FooterLinks -->
        <test-method status="PASS" signature="teardown(org.testng.ITestResult, java.lang.reflect.Method)[pri:0, instance:UnitClassSet.StaticPages.test_ContactUsPage@34b9eb03]" name="teardown" is-config="true" duration-ms="637" started-at="2019-03-07T16:27:42Z" finished-at="2019-03-07T16:27:43Z">
          <params>
            <param index="0">
              <value>
                <![CDATA[[TestResult name=ContactUsPage_FooterLinks status=SUCCESS method=test_ContactUsPage.ContactUsPage_FooterLinks()[pri:0, instance:UnitClassSet.StaticPages.test_ContactUsPage@34b9eb03] output={null}]]]>
              </value>
            </param>
            <param index="1">
              <value>
                <![CDATA[public void UnitClassSet.StaticPages.test_ContactUsPage.ContactUsPage_FooterLinks() throws java.lang.Exception]]>
              </value>
            </param>
          </params>
          <reporter-output>
          </reporter-output>
        </test-method> <!-- teardown -->
        <test-method status="PASS" signature="setup(java.lang.String)[pri:0, instance:UnitClassSet.StaticPages.test_ContactUsPage@34b9eb03]" name="setup" is-config="true" duration-ms="3333" started-at="2019-03-07T16:27:43Z" finished-at="2019-03-07T16:27:46Z">
          <params>
            <param index="0">
              <value>
                <![CDATA[chrome]]>
              </value>
            </param>
          </params>
          <reporter-output>
          </reporter-output>
        </test-method> <!-- setup -->
        <test-method status="PASS" signature="ContactUsPage_HeaderButtons()[pri:0, instance:UnitClassSet.StaticPages.test_ContactUsPage@34b9eb03]" name="ContactUsPage_HeaderButtons" duration-ms="23200" started-at="2019-03-07T16:27:46Z" finished-at="2019-03-07T16:28:09Z">
          <reporter-output>
          </reporter-output>
        </test-method> <!-- ContactUsPage_HeaderButtons -->
        <test-method status="PASS" signature="teardown(org.testng.ITestResult, java.lang.reflect.Method)[pri:0, instance:UnitClassSet.StaticPages.test_ContactUsPage@34b9eb03]" name="teardown" is-config="true" duration-ms="641" started-at="2019-03-07T16:28:09Z" finished-at="2019-03-07T16:28:10Z">
          <params>
            <param index="0">
              <value>
                <![CDATA[[TestResult name=ContactUsPage_HeaderButtons status=SUCCESS method=test_ContactUsPage.ContactUsPage_HeaderButtons()[pri:0, instance:UnitClassSet.StaticPages.test_ContactUsPage@34b9eb03] output={null}]]]>
              </value>
            </param>
            <param index="1">
              <value>
                <![CDATA[public void UnitClassSet.StaticPages.test_ContactUsPage.ContactUsPage_HeaderButtons() throws java.lang.Exception]]>
              </value>
            </param>
          </params>
          <reporter-output>
          </reporter-output>
        </test-method> <!-- teardown -->
        <test-method status="PASS" signature="setup(java.lang.String)[pri:0, instance:UnitClassSet.StaticPages.test_ContactUsPage@34b9eb03]" name="setup" is-config="true" duration-ms="3585" started-at="2019-03-07T16:28:10Z" finished-at="2019-03-07T16:28:13Z">
          <params>
            <param index="0">
              <value>
                <![CDATA[chrome]]>
              </value>
            </param>
          </params>
          <reporter-output>
          </reporter-output>
        </test-method> <!-- setup -->
        <test-method status="PASS" signature="ContactUsPage_SignUpAndLogin()[pri:0, instance:UnitClassSet.StaticPages.test_ContactUsPage@34b9eb03]" name="ContactUsPage_SignUpAndLogin" duration-ms="4636" started-at="2019-03-07T16:28:13Z" finished-at="2019-03-07T16:28:18Z">
          <reporter-output>
          </reporter-output>
        </test-method> <!-- ContactUsPage_SignUpAndLogin -->
        <test-method status="PASS" signature="teardown(org.testng.ITestResult, java.lang.reflect.Method)[pri:0, instance:UnitClassSet.StaticPages.test_ContactUsPage@34b9eb03]" name="teardown" is-config="true" duration-ms="659" started-at="2019-03-07T16:28:18Z" finished-at="2019-03-07T16:28:19Z">
          <params>
            <param index="0">
              <value>
                <![CDATA[[TestResult name=ContactUsPage_SignUpAndLogin status=SUCCESS method=test_ContactUsPage.ContactUsPage_SignUpAndLogin()[pri:0, instance:UnitClassSet.StaticPages.test_ContactUsPage@34b9eb03] output={null}]]]>
              </value>
            </param>
            <param index="1">
              <value>
                <![CDATA[public void UnitClassSet.StaticPages.test_ContactUsPage.ContactUsPage_SignUpAndLogin()]]>
              </value>
            </param>
          </params>
          <reporter-output>
          </reporter-output>
        </test-method> <!-- teardown -->
        <test-method status="PASS" signature="setup(java.lang.String)[pri:0, instance:UnitClassSet.StaticPages.test_ContactUsPage@34b9eb03]" name="setup" is-config="true" duration-ms="3360" started-at="2019-03-07T16:28:19Z" finished-at="2019-03-07T16:28:22Z">
          <params>
            <param index="0">
              <value>
                <![CDATA[chrome]]>
              </value>
            </param>
          </params>
          <reporter-output>
          </reporter-output>
        </test-method> <!-- setup -->
        <test-method status="PASS" signature="ContactUsPage_SocialMediaIcons()[pri:0, instance:UnitClassSet.StaticPages.test_ContactUsPage@34b9eb03]" name="ContactUsPage_SocialMediaIcons" duration-ms="23221" started-at="2019-03-07T16:28:22Z" finished-at="2019-03-07T16:28:45Z">
          <reporter-output>
          </reporter-output>
        </test-method> <!-- ContactUsPage_SocialMediaIcons -->
        <test-method status="PASS" signature="teardown(org.testng.ITestResult, java.lang.reflect.Method)[pri:0, instance:UnitClassSet.StaticPages.test_ContactUsPage@34b9eb03]" name="teardown" is-config="true" duration-ms="848" started-at="2019-03-07T16:28:45Z" finished-at="2019-03-07T16:28:46Z">
          <params>
            <param index="0">
              <value>
                <![CDATA[[TestResult name=ContactUsPage_SocialMediaIcons status=SUCCESS method=test_ContactUsPage.ContactUsPage_SocialMediaIcons()[pri:0, instance:UnitClassSet.StaticPages.test_ContactUsPage@34b9eb03] output={null}]]]>
              </value>
            </param>
            <param index="1">
              <value>
                <![CDATA[public void UnitClassSet.StaticPages.test_ContactUsPage.ContactUsPage_SocialMediaIcons() throws java.lang.Exception]]>
              </value>
            </param>
          </params>
          <reporter-output>
          </reporter-output>
        </test-method> <!-- teardown -->
        <test-method status="PASS" signature="setup(java.lang.String)[pri:0, instance:UnitClassSet.StaticPages.test_ContactUsPage@34b9eb03]" name="setup" is-config="true" duration-ms="3478" started-at="2019-03-07T16:28:46Z" finished-at="2019-03-07T16:28:50Z">
          <params>
            <param index="0">
              <value>
                <![CDATA[chrome]]>
              </value>
            </param>
          </params>
          <reporter-output>
          </reporter-output>
        </test-method> <!-- setup -->
        <test-method status="PASS" signature="ContactUsPage_Title()[pri:0, instance:UnitClassSet.StaticPages.test_ContactUsPage@34b9eb03]" name="ContactUsPage_Title" duration-ms="2411" started-at="2019-03-07T16:28:50Z" finished-at="2019-03-07T16:28:52Z">
          <reporter-output>
          </reporter-output>
        </test-method> <!-- ContactUsPage_Title -->
        <test-method status="PASS" signature="teardown(org.testng.ITestResult, java.lang.reflect.Method)[pri:0, instance:UnitClassSet.StaticPages.test_ContactUsPage@34b9eb03]" name="teardown" is-config="true" duration-ms="621" started-at="2019-03-07T16:28:52Z" finished-at="2019-03-07T16:28:53Z">
          <params>
            <param index="0">
              <value>
                <![CDATA[[TestResult name=ContactUsPage_Title status=SUCCESS method=test_ContactUsPage.ContactUsPage_Title()[pri:0, instance:UnitClassSet.StaticPages.test_ContactUsPage@34b9eb03] output={null}]]]>
              </value>
            </param>
            <param index="1">
[...]
              </value>
            </param>
            <param index="1">
              <value>
                <![CDATA[public void UnitClassSet.StaticPages.test_LicensePlatformPage.LicensePlatformPage_FooterLinks() throws java.lang.Exception]]>
              </value>
            </param>
          </params>
          <reporter-output>
          </reporter-output>
        </test-method> <!-- teardown -->
        <test-method status="PASS" signature="setup(java.lang.String)[pri:0, instance:UnitClassSet.StaticPages.test_LicensePlatformPage@6242ae3b]" name="setup" is-config="true" duration-ms="3320" started-at="2019-03-07T16:17:30Z" finished-at="2019-03-07T16:17:34Z">
          <params>
            <param index="0">
              <value>
                <![CDATA[chrome]]>
              </value>
            </param>
          </params>
          <reporter-output>
          </reporter-output>
        </test-method> <!-- setup -->
        <test-method status="PASS" signature="LicensePlatformPage_HeaderButtons()[pri:0, instance:UnitClassSet.StaticPages.test_LicensePlatformPage@6242ae3b]" name="LicensePlatformPage_HeaderButtons" duration-ms="20169" started-at="2019-03-07T16:17:34Z" finished-at="2019-03-07T16:17:54Z">
          <reporter-output>
          </reporter-output>
        </test-method> <!-- LicensePlatformPage_HeaderButtons -->
        <test-method status="PASS" signature="teardown(org.testng.ITestResult, java.lang.reflect.Method)[pri:0, instance:UnitClassSet.StaticPages.test_LicensePlatformPage@6242ae3b]" name="teardown" is-config="true" duration-ms="693" started-at="2019-03-07T16:17:54Z" finished-at="2019-03-07T16:17:54Z">
          <params>
            <param index="0">
              <value>
                <![CDATA[[TestResult name=LicensePlatformPage_HeaderButtons status=SUCCESS method=test_LicensePlatformPage.LicensePlatformPage_HeaderButtons()[pri:0, instance:UnitClassSet.StaticPages.test_LicensePlatformPage@6242ae3b] output={null}]]]>
              </value>
            </param>
            <param index="1">
              <value>
                <![CDATA[public void UnitClassSet.StaticPages.test_LicensePlatformPage.LicensePlatformPage_HeaderButtons() throws java.lang.Exception]]>
              </value>
            </param>
          </params>
          <reporter-output>
          </reporter-output>
        </test-method> <!-- teardown -->
        <test-method status="PASS" signature="setup(java.lang.String)[pri:0, instance:UnitClassSet.StaticPages.test_LicensePlatformPage@6242ae3b]" name="setup" is-config="true" duration-ms="3375" started-at="2019-03-07T16:17:54Z" finished-at="2019-03-07T16:17:58Z">
          <params>
            <param index="0">
              <value>
                <![CDATA[chrome]]>
              </value>
            </param>
          </params>
          <reporter-output>
          </reporter-output>
        </test-method> <!-- setup -->
        <test-method status="PASS" signature="LicensePlatformPage_SignUpAndLogin()[pri:0, instance:UnitClassSet.StaticPages.test_LicensePlatformPage@6242ae3b]" name="LicensePlatformPage_SignUpAndLogin" duration-ms="5824" started-at="2019-03-07T16:17:58Z" finished-at="2019-03-07T16:18:04Z">
          <reporter-output>
          </reporter-output>
        </test-method> <!-- LicensePlatformPage_SignUpAndLogin -->
        <test-method status="PASS" signature="teardown(org.testng.ITestResult, java.lang.reflect.Method)[pri:0, instance:UnitClassSet.StaticPages.test_LicensePlatformPage@6242ae3b]" name="teardown" is-config="true" duration-ms="651" started-at="2019-03-07T16:18:04Z" finished-at="2019-03-07T16:18:04Z">
          <params>
            <param index="0">
              <value>
                <![CDATA[[TestResult name=LicensePlatformPage_SignUpAndLogin status=SUCCESS method=test_LicensePlatformPage.LicensePlatformPage_SignUpAndLogin()[pri:0, instance:UnitClassSet.StaticPages.test_LicensePlatformPage@6242ae3b] output={null}]]]>
              </value>
            </param>
            <param index="1">
              <value>
                <![CDATA[public void UnitClassSet.StaticPages.test_LicensePlatformPage.LicensePlatformPage_SignUpAndLogin()]]>
              </value>
            </param>
          </params>
          <reporter-output>
          </reporter-output>
        </test-method> <!-- teardown -->
        <test-method status="PASS" signature="setup(java.lang.String)[pri:0, instance:UnitClassSet.StaticPages.test_LicensePlatformPage@6242ae3b]" name="setup" is-config="true" duration-ms="3686" started-at="2019-03-07T16:18:04Z" finished-at="2019-03-07T16:18:08Z">
          <params>
            <param index="0">
              <value>
                <![CDATA[chrome]]>
              </value>
            </param>
          </params>
          <reporter-output>
          </reporter-output>
        </test-method> <!-- setup -->
        <test-method status="PASS" signature="LicensePlatformPage_SocialMediaIcons()[pri:0, instance:UnitClassSet.StaticPages.test_LicensePlatformPage@6242ae3b]" name="LicensePlatformPage_SocialMediaIcons" duration-ms="22537" started-at="2019-03-07T16:18:08Z" finished-at="2019-03-07T16:18:30Z">
          <reporter-output>
          </reporter-output>
        </test-method> <!-- LicensePlatformPage_SocialMediaIcons -->
        <test-method status="PASS" signature="teardown(org.testng.ITestResult, java.lang.reflect.Method)[pri:0, instance:UnitClassSet.StaticPages.test_LicensePlatformPage@6242ae3b]" name="teardown" is-config="true" duration-ms="802" started-at="2019-03-07T16:18:30Z" finished-at="2019-03-07T16:18:31Z">
          <params>
            <param index="0">
              <value>
                <![CDATA[[TestResult name=LicensePlatformPage_SocialMediaIcons status=SUCCESS method=test_LicensePlatformPage.LicensePlatformPage_SocialMediaIcons()[pri:0, instance:UnitClassSet.StaticPages.test_LicensePlatformPage@6242ae3b] output={null}]]]>
              </value>
            </param>
            <param index="1">
              <value>
                <![CDATA[public void UnitClassSet.StaticPages.test_LicensePlatformPage.LicensePlatformPage_SocialMediaIcons() throws java.lang.Exception]]>
              </value>
            </param>
          </params>
          <reporter-output>
          </reporter-output>
        </test-method> <!-- teardown -->
        <test-method status="PASS" signature="setup(java.lang.String)[pri:0, instance:UnitClassSet.StaticPages.test_LicensePlatformPage@6242ae3b]" name="setup" is-config="true" duration-ms="3367" started-at="2019-03-07T16:18:31Z" finished-at="2019-03-07T16:18:35Z">
          <params>
            <param index="0">
              <value>
                <![CDATA[chrome]]>
              </value>
            </param>
          </params>
          <reporter-output>
          </reporter-output>
        </test-method> <!-- setup -->
        <test-method status="PASS" signature="LicensePlatformPage_Title()[pri:0, instance:UnitClassSet.StaticPages.test_LicensePlatformPage@6242ae3b]" name="LicensePlatformPage_Title" duration-ms="1628" started-at="2019-03-07T16:18:35Z" finished-at="2019-03-07T16:18:36Z">
          <reporter-output>
          </reporter-output>
        </test-method> <!-- LicensePlatformPage_Title -->
        <test-method status="PASS" signature="teardown(org.testng.ITestResult, java.lang.reflect.Method)[pri:0, instance:UnitClassSet.StaticPages.test_LicensePlatformPage@6242ae3b]" name="teardown" is-config="true" duration-ms="700" started-at="2019-03-07T16:18:36Z" finished-at="2019-03-07T16:18:37Z">
          <params>
            <param index="0">
              <value>
                <![CDATA[[TestResult name=LicensePlatformPage_Title status=SUCCESS method=test_LicensePlatformPage.LicensePlatformPage_Title()[pri:0, instance:UnitClassSet.StaticPages.test_LicensePlatformPage@6242ae3b] output={null}]]]>
              </value>
            </param>
            <param index="1">
              <value>
                <![CDATA[public void UnitClassSet.StaticPages.test_LicensePlatformPage.LicensePlatformPage_Title()]]>
              </value>
            </param>
          </params>
          <reporter-output>
          </reporter-output>
        </test-method> <!-- teardown -->
      </class> <!-- UnitClassSet.StaticPages.test_LicensePlatformPage -->
      <class name="UnitClassSet.StaticPages.test_RaiseFundsPage">
        <test-method status="PASS" signature="setup(java.lang.String)[pri:0, instance:UnitClassSet.StaticPages.test_RaiseFundsPage@46a488c2]" name="setup" is-config="true" duration-ms="3388" started-at="2019-03-07T16:14:14Z" finished-at="2019-03-07T16:14:17Z">
          <params>
            <param index="0">
              <value>
                <![CDATA[chrome]]>
              </value>
            </param>
          </params>
          <reporter-output>
          </reporter-output>
        </test-method> <!-- setup -->
        <test-method status="PASS" signature="RaiseFundsPage_Body()[pri:0, instance:UnitClassSet.StaticPages.test_RaiseFundsPage@46a488c2]" name="RaiseFundsPage_Body" duration-ms="17256" started-at="2019-03-07T16:14:17Z" finished-at="2019-03-07T16:14:35Z">
          <reporter-output>
          </reporter-output>
        </test-method> <!-- RaiseFundsPage_Body -->
        <test-method status="PASS" signature="teardown(org.testng.ITestResult, java.lang.reflect.Method)[pri:0, instance:UnitClassSet.StaticPages.test_RaiseFundsPage@46a488c2]" name="teardown" is-config="true" duration-ms="707" started-at="2019-03-07T16:14:35Z" finished-at="2019-03-07T16:14:35Z">
          <params>
            <param index="0">
              <value>
                <![CDATA[[TestResult name=RaiseFundsPage_Body status=SUCCESS method=test_RaiseFundsPage.RaiseFundsPage_Body()[pri:0, instance:UnitClassSet.StaticPages.test_RaiseFundsPage@46a488c2] output={null}]]]>
              </value>
            </param>
            <param index="1">
              <value>
                <![CDATA[public void UnitClassSet.StaticPages.test_RaiseFundsPage.RaiseFundsPage_Body() throws java.lang.Exception]]>
              </value>
            </param>
          </params>
          <reporter-output>
          </reporter-output>
        </test-method> <!-- teardown -->
        <test-method status="PASS" signature="setup(java.lang.String)[pri:0, instance:UnitClassSet.StaticPages.test_RaiseFundsPage@46a488c2]" name="setup" is-config="true" duration-ms="3431" started-at="2019-03-07T16:14:35Z" finished-at="2019-03-07T16:14:39Z">
          <params>
            <param index="0">
              <value>
                <![CDATA[chrome]]>
              </value>
            </param>
          </params>
          <reporter-output>
          </reporter-output>
        </test-method> <!-- setup -->
        <test-method status="PASS" signature="RaiseFundsPage_FooterLinks()[pri:0, instance:UnitClassSet.StaticPages.test_RaiseFundsPage@46a488c2]" name="RaiseFundsPage_FooterLinks" duration-ms="32724" started-at="2019-03-07T16:14:39Z" finished-at="2019-03-07T16:15:12Z">
          <reporter-output>
          </reporter-output>
        </test-method> <!-- RaiseFundsPage_FooterLinks -->
        <test-method status="PASS" signature="teardown(org.testng.ITestResult, java.lang.reflect.Method)[pri:0, instance:UnitClassSet.StaticPages.test_RaiseFundsPage@46a488c2]" name="teardown" is-config="true" duration-ms="658" started-at="2019-03-07T16:15:12Z" finished-at="2019-03-07T16:15:12Z">
          <params>
            <param index="0">
              <value>
                <![CDATA[[TestResult name=RaiseFundsPage_FooterLinks status=SUCCESS method=test_RaiseFundsPage.RaiseFundsPage_FooterLinks()[pri:0, instance:UnitClassSet.StaticPages.test_RaiseFundsPage@46a488c2] output={null}]]]>
              </value>
            </param>
            <param index="1">
              <value>
                <![CDATA[public void UnitClassSet.StaticPages.test_RaiseFundsPage.RaiseFundsPage_FooterLinks() throws java.lang.Exception]]>
              </value>
            </param>
          </params>
          <reporter-output>
          </reporter-output>
        </test-method> <!-- teardown -->
        <test-method status="PASS" signature="setup(java.lang.String)[pri:0, instance:UnitClassSet.StaticPages.test_RaiseFundsPage@46a488c2]" name="setup" is-config="true" duration-ms="3397" started-at="2019-03-07T16:15:12Z" finished-at="2019-03-07T16:15:16Z">
          <params>
            <param index="0">
              <value>
                <![CDATA[chrome]]>
              </value>
            </param>
          </params>
          <reporter-output>
          </reporter-output>
        </test-method> <!-- setup -->
        <test-method status="PASS" signature="RaiseFundsPage_HeaderButtons()[pri:0, instance:UnitClassSet.StaticPages.test_RaiseFundsPage@46a488c2]" name="RaiseFundsPage_HeaderButtons" duration-ms="22172" started-at="2019-03-07T16:15:16Z" finished-at="2019-03-07T16:15:38Z">
          <reporter-output>
          </reporter-output>
        </test-method> <!-- RaiseFundsPage_HeaderButtons -->
        <test-method status="PASS" signature="teardown(org.testng.ITestResult, java.lang.reflect.Method)[pri:0, instance:UnitClassSet.StaticPages.test_RaiseFundsPage@46a488c2]" name="teardown" is-config="true" duration-ms="650" started-at="2019-03-07T16:15:38Z" finished-at="2019-03-07T16:15:38Z">
          <params>
            <param index="0">
              <value>
                <![CDATA[[TestResult name=RaiseFundsPage_HeaderButtons status=SUCCESS method=test_RaiseFundsPage.RaiseFundsPage_HeaderButtons()[pri:0, instance:UnitClassSet.StaticPages.test_RaiseFundsPage@46a488c2] output={null}]]]>
              </value>
            </param>
            <param index="1">
              <value>
                <![CDATA[public void UnitClassSet.StaticPages.test_RaiseFundsPage.RaiseFundsPage_HeaderButtons() throws java.lang.Exception]]>
              </value>
            </param>
          </params>
          <reporter-output>
          </reporter-output>
        </test-method> <!-- teardown -->
        <test-method status="PASS" signature="setup(java.lang.String)[pri:0, instance:UnitClassSet.StaticPages.test_RaiseFundsPage@46a488c2]" name="setup" is-config="true" duration-ms="3252" started-at="2019-03-07T16:15:38Z" finished-at="2019-03-07T16:15:42Z">
          <params>
            <param index="0">
              <value>
                <![CDATA[chrome]]>
              </value>
            </param>
          </params>
          <reporter-output>
          </reporter-output>
        </test-method> <!-- setup -->
        <test-method status="PASS" signature="RaiseFundsPage_SignUpAndLogin()[pri:0, instance:UnitClassSet.StaticPages.test_RaiseFundsPage@46a488c2]" name="RaiseFundsPage_SignUpAndLogin" duration-ms="6468" started-at="2019-03-07T16:15:42Z" finished-at="2019-03-07T16:15:48Z">
          <reporter-output>
          </reporter-output>
        </test-method> <!-- RaiseFundsPage_SignUpAndLogin -->
        <test-method status="PASS" signature="teardown(org.testng.ITestResult, java.lang.reflect.Method)[pri:0, instance:UnitClassSet.StaticPages.test_RaiseFundsPage@46a488c2]" name="teardown" is-config="true" duration-ms="661" started-at="2019-03-07T16:15:48Z" finished-at="2019-03-07T16:15:49Z">
          <params>
            <param index="0">
              <value>
                <![CDATA[[TestResult name=RaiseFundsPage_SignUpAndLogin status=SUCCESS method=test_RaiseFundsPage.RaiseFundsPage_SignUpAndLogin()[pri:0, instance:UnitClassSet.StaticPages.test_RaiseFundsPage@46a488c2] output={null}]]]>
              </value>
            </param>
            <param index="1">
              <value>
                <![CDATA[public void UnitClassSet.StaticPages.test_RaiseFundsPage.RaiseFundsPage_SignUpAndLogin()]]>
              </value>
            </param>
          </params>
          <reporter-output>
          </reporter-output>
        </test-method> <!-- teardown -->
        <test-method status="PASS" signature="setup(java.lang.String)[pri:0, instance:UnitClassSet.StaticPages.test_RaiseFundsPage@46a488c2]" name="setup" is-config="true" duration-ms="3318" started-at="2019-03-07T16:15:49Z" finished-at="2019-03-07T16:15:52Z">
          <params>
            <param index="0">
              <value>
                <![CDATA[chrome]]>
              </value>
            </param>
          </params>
          <reporter-output>
          </reporter-output>
        </test-method> <!-- setup -->
        <test-method status="PASS" signature="RaiseFundsPage_SocialMediaIcons()[pri:0, instance:UnitClassSet.StaticPages.test_RaiseFundsPage@46a488c2]" name="RaiseFundsPage_SocialMediaIcons" duration-ms="22056" started-at="2019-03-07T16:15:52Z" finished-at="2019-03-07T16:16:14Z">
          <reporter-output>
          </reporter-output>
        </test-method> <!-- RaiseFundsPage_SocialMediaIcons -->
        <test-method status="PASS" signature="teardown(org.testng.ITestResult, java.lang.reflect.Method)[pri:0, instance:UnitClassSet.StaticPages.test_RaiseFundsPage@46a488c2]" name="teardown" is-config="true" duration-ms="769" started-at="2019-03-07T16:16:14Z" finished-at="2019-03-07T16:16:15Z">
          <params>
            <param index="0">
              <value>
                <![CDATA[[TestResult name=RaiseFundsPage_SocialMediaIcons status=SUCCESS method=test_RaiseFundsPage.RaiseFundsPage_SocialMediaIcons()[pri:0, instance:UnitClassSet.StaticPages.test_RaiseFundsPage@46a488c2] output={null}]]]>
              </value>
            </param>
            <param index="1">
              <value>
                <![CDATA[public void UnitClassSet.StaticPages.test_RaiseFundsPage.RaiseFundsPage_SocialMediaIcons() throws java.lang.Exception]]>
              </value>
            </param>
          </params>
          <reporter-output>
          </reporter-output>
        </test-method> <!-- teardown -->
        <test-method status="PASS" signature="setup(java.lang.String)[pri:0, instance:UnitClassSet.StaticPages.test_RaiseFundsPage@46a488c2]" name="setup" is-config="true" duration-ms="3507" started-at="2019-03-07T16:16:15Z" finished-at="2019-03-07T16:16:18Z">
          <params>
            <param index="0">
              <value>
                <![CDATA[chrome]]>
              </value>
            </param>
          </params>
          <reporter-output>
          </reporter-output>
        </test-method> <!-- setup -->
        <test-method status="PASS" signature="RaiseFundsPage_Title()[pri:0, instance:UnitClassSet.StaticPages.test_RaiseFundsPage@46a488c2]" name="RaiseFundsPage_Title" duration-ms="1601" started-at="2019-03-07T16:16:18Z" finished-at="2019-03-07T16:16:20Z">
          <reporter-output>
          </reporter-output>
        </test-method> <!-- RaiseFundsPage_Title -->
        <test-method status="PASS" signature="teardown(org.testng.ITestResult, java.lang.reflect.Method)[pri:0, instance:UnitClassSet.StaticPages.test_RaiseFundsPage@46a488c2]" name="teardown" is-config="true" duration-ms="674" started-at="2019-03-07T16:16:20Z" finished-at="2019-03-07T16:16:21Z">
          <params>
            <param index="0">
              <value>
                <![CDATA[[TestResult name=RaiseFundsPage_Title status=SUCCESS method=test_RaiseFundsPage.RaiseFundsPage_Title()[pri:0, instance:UnitClassSet.StaticPages.test_RaiseFundsPage@46a488c2] output={null}]]]>
              </value>
            </param>
            <param index="1">
              <value>
                <![CDATA[public void UnitClassSet.StaticPages.test_RaiseFundsPage.RaiseFundsPage_Title()]]>
              </value>
            </param>
          </params>
          <reporter-output>
          </reporter-output>
        </test-method> <!-- teardown -->
      </class> <!-- UnitClassSet.StaticPages.test_RaiseFundsPage -->
    </test> <!-- Static Pages Tests -->
  </suite> <!-- Sone tests -->
</testng-results>
